This is pdfTeX, Version 3.14159265-2.6-1.40.21 (TeX Live 2020/W32TeX) (preloaded format=pdflatex 2020.11.26)  16 MAR 2021 08:31
entering extended mode
 restricted \write18 enabled.
 %&-line parsing enabled.
**main.tex
(./main.tex
LaTeX2e <2020-10-01> patch level 2
L3 programming layer <2020-10-27> xparse <2020-03-03>
(c:/texlive/2020/texmf-dist/tex/latex/base/article.cls
Document Class: article 2020/04/10 v1.4m Standard LaTeX document class
(c:/texlive/2020/texmf-dist/tex/latex/base/size12.clo
File: size12.clo 2020/04/10 v1.4m Standard LaTeX file (size option)
)
\c@part=\count175
\c@section=\count176
\c@subsection=\count177
\c@subsubsection=\count178
\c@paragraph=\count179
\c@subparagraph=\count180
\c@figure=\count181
\c@table=\count182
\abovecaptionskip=\skip47
\belowcaptionskip=\skip48
\bibindent=\dimen138
)
(c:/texlive/2020/texmf-dist/tex/latex/geometry/geometry.sty
Package: geometry 2020/01/02 v5.9 Page Geometry

(c:/texlive/2020/texmf-dist/tex/latex/graphics/keyval.sty
Package: keyval 2014/10/28 v1.15 key=value parser (DPC)
\KV@toks@=\toks15
)
(c:/texlive/2020/texmf-dist/tex/generic/iftex/ifvtex.sty
Package: ifvtex 2019/10/25 v1.7 ifvtex legacy package. Use iftex instead.

(c:/texlive/2020/texmf-dist/tex/generic/iftex/iftex.sty
Package: iftex 2020/03/06 v1.0d TeX engine tests
))
\Gm@cnth=\count183
\Gm@cntv=\count184
\c@Gm@tempcnt=\count185
\Gm@bindingoffset=\dimen139
\Gm@wd@mp=\dimen140
\Gm@odd@mp=\dimen141
\Gm@even@mp=\dimen142
\Gm@layoutwidth=\dimen143
\Gm@layoutheight=\dimen144
\Gm@layouthoffset=\dimen145
\Gm@layoutvoffset=\dimen146
\Gm@dimlist=\toks16
)
(c:/texlive/2020/texmf-dist/tex/latex/base/inputenc.sty
Package: inputenc 2020/08/01 v1.3d Input encoding file
\inpenc@prehook=\toks17
\inpenc@posthook=\toks18
)
(c:/texlive/2020/texmf-dist/tex/latex/natbib/natbib.sty
Package: natbib 2010/09/13 8.31b (PWD, AO)
\bibhang=\skip49
\bibsep=\skip50
LaTeX Info: Redefining \cite on input line 694.
\c@NAT@ctr=\count186
)
(c:/texlive/2020/texmf-dist/tex/latex/url/url.sty
\Urlmuskip=\muskip16
Package: url 2013/09/16  ver 3.4  Verb mode for urls, etc.
)
(c:/texlive/2020/texmf-dist/tex/latex/caption/caption.sty
Package: caption 2020/10/26 v3.5g Customizing captions (AR)

(c:/texlive/2020/texmf-dist/tex/latex/caption/caption3.sty
Package: caption3 2020/10/21 v2.2e caption3 kernel (AR)
\captionmargin=\dimen147
\captionmargin@=\dimen148
\captionwidth=\dimen149
\caption@tempdima=\dimen150
\caption@indent=\dimen151
\caption@parindent=\dimen152
\caption@hangindent=\dimen153
Package caption Info: Standard document class detected.
)
\c@caption@flags=\count187
\c@continuedfloat=\count188
)
(c:/texlive/2020/texmf-dist/tex/latex/caption/subcaption.sty
Package: subcaption 2020/10/07 v1.3j Sub-captions (AR)
\c@subfigure=\count189
\c@subtable=\count190
)
(c:/texlive/2020/texmf-dist/tex/latex/csquotes/csquotes.sty
Package: csquotes 2019-12-06 v5.2j context-sensitive quotations (JAW)

(c:/texlive/2020/texmf-dist/tex/latex/etoolbox/etoolbox.sty
Package: etoolbox 2020/10/05 v2.5k e-TeX tools for LaTeX (JAW)
\etb@tempcnta=\count191
)
\csq@reset=\count192
\csq@gtype=\count193
\csq@glevel=\count194
\csq@qlevel=\count195
\csq@maxlvl=\count196
\csq@tshold=\count197
\csq@ltx@everypar=\toks19

(c:/texlive/2020/texmf-dist/tex/latex/csquotes/csquotes.def
File: csquotes.def 2019-12-06 v5.2j csquotes generic definitions (JAW)
)
Package csquotes Info: Trying to load configuration file 'csquotes.cfg'...
Package csquotes Info: ... configuration file loaded successfully.

(c:/texlive/2020/texmf-dist/tex/latex/csquotes/csquotes.cfg
File: csquotes.cfg 
))
Package csquotes Info: Allocating character ".

(c:/texlive/2020/texmf-dist/tex/latex/ragged2e/ragged2e.sty
Package: ragged2e 2019/07/28 v2.2 ragged2e Package (MS)

(c:/texlive/2020/texmf-dist/tex/latex/ms/everysel.sty
Package: everysel 2011/10/28 v1.2 EverySelectfont Package (MS)
)
\CenteringLeftskip=\skip51
\RaggedLeftLeftskip=\skip52
\RaggedRightLeftskip=\skip53
\CenteringRightskip=\skip54
\RaggedLeftRightskip=\skip55
\RaggedRightRightskip=\skip56
\CenteringParfillskip=\skip57
\RaggedLeftParfillskip=\skip58
\RaggedRightParfillskip=\skip59
\JustifyingParfillskip=\skip60
\CenteringParindent=\skip61
\RaggedLeftParindent=\skip62
\RaggedRightParindent=\skip63
\JustifyingParindent=\skip64
)
(c:/texlive/2020/texmf-dist/tex/latex/tools/array.sty
Package: array 2020/10/01 v2.5c Tabular extension package (FMi)
\col@sep=\dimen154
\ar@mcellbox=\box47
\extrarowheight=\dimen155
\NC@list=\toks20
\extratabsurround=\skip65
\backup@length=\skip66
\ar@cellbox=\box48
)
(c:/texlive/2020/texmf-dist/tex/latex/tools/tabularx.sty
Package: tabularx 2020/01/15 v2.11c `tabularx' package (DPC)
\TX@col@width=\dimen156
\TX@old@table=\dimen157
\TX@old@col=\dimen158
\TX@target=\dimen159
\TX@delta=\dimen160
\TX@cols=\count198
\TX@ftn=\toks21
)
(c:/texlive/2020/texmf-dist/tex/latex/amsmath/amsmath.sty
Package: amsmath 2020/09/23 v2.17i AMS math features
\@mathmargin=\skip67

For additional information on amsmath, use the `?' option.
(c:/texlive/2020/texmf-dist/tex/latex/amsmath/amstext.sty
Package: amstext 2000/06/29 v2.01 AMS text

(c:/texlive/2020/texmf-dist/tex/latex/amsmath/amsgen.sty
File: amsgen.sty 1999/11/30 v2.0 generic functions
\@emptytoks=\toks22
\ex@=\dimen161
))
(c:/texlive/2020/texmf-dist/tex/latex/amsmath/amsbsy.sty
Package: amsbsy 1999/11/29 v1.2d Bold Symbols
\pmbraise@=\dimen162
)
(c:/texlive/2020/texmf-dist/tex/latex/amsmath/amsopn.sty
Package: amsopn 2016/03/08 v2.02 operator names
)
\inf@bad=\count199
LaTeX Info: Redefining \frac on input line 234.
\uproot@=\count266
\leftroot@=\count267
LaTeX Info: Redefining \overline on input line 399.
\classnum@=\count268
\DOTSCASE@=\count269
LaTeX Info: Redefining \ldots on input line 496.
LaTeX Info: Redefining \dots on input line 499.
LaTeX Info: Redefining \cdots on input line 620.
\Mathstrutbox@=\box49
\strutbox@=\box50
\big@size=\dimen163
LaTeX Font Info:    Redeclaring font encoding OML on input line 743.
LaTeX Font Info:    Redeclaring font encoding OMS on input line 744.
\macc@depth=\count270
\c@MaxMatrixCols=\count271
\dotsspace@=\muskip17
\c@parentequation=\count272
\dspbrk@lvl=\count273
\tag@help=\toks23
\row@=\count274
\column@=\count275
\maxfields@=\count276
\andhelp@=\toks24
\eqnshift@=\dimen164
\alignsep@=\dimen165
\tagshift@=\dimen166
\tagwidth@=\dimen167
\totwidth@=\dimen168
\lineht@=\dimen169
\@envbody=\toks25
\multlinegap=\skip68
\multlinetaggap=\skip69
\mathdisplay@stack=\toks26
LaTeX Info: Redefining \[ on input line 2923.
LaTeX Info: Redefining \] on input line 2924.
)
(c:/texlive/2020/texmf-dist/tex/latex/tools/bm.sty
Package: bm 2019/07/24 v1.2d Bold Symbol Support (DPC/FMi)
\symboldoperators=\mathgroup4
\symboldletters=\mathgroup5
\symboldsymbols=\mathgroup6
LaTeX Font Info:    Redeclaring math alphabet \mathbf on input line 141.
LaTeX Info: Redefining \bm on input line 209.
)
(c:/texlive/2020/texmf-dist/tex/latex/amsfonts/amssymb.sty
Package: amssymb 2013/01/14 v3.01 AMS font symbols

(c:/texlive/2020/texmf-dist/tex/latex/amsfonts/amsfonts.sty
Package: amsfonts 2013/01/14 v3.01 Basic AMSFonts support
\symAMSa=\mathgroup7
\symAMSb=\mathgroup8
LaTeX Font Info:    Redeclaring math symbol \hbar on input line 98.
LaTeX Font Info:    Overwriting math alphabet `\mathfrak' in version `bold'
(Font)                  U/euf/m/n --> U/euf/b/n on input line 106.
))
(c:/texlive/2020/texmf-dist/tex/latex/amscls/amsthm.sty
Package: amsthm 2020/05/29 v2.20.6
\thm@style=\toks27
\thm@bodyfont=\toks28
\thm@headfont=\toks29
\thm@notefont=\toks30
\thm@headpunct=\toks31
\thm@preskip=\skip70
\thm@postskip=\skip71
\thm@headsep=\skip72
\dth@everypar=\toks32
)
(c:/texlive/2020/texmf-dist/tex/latex/jknapltx/mathrsfs.sty
Package: mathrsfs 1996/01/01 Math RSFS package v1.0 (jk)
\symrsfs=\mathgroup9
)
(c:/texlive/2020/texmf-dist/tex/latex/graphics/graphicx.sty
Package: graphicx 2020/09/09 v1.2b Enhanced LaTeX Graphics (DPC,SPQR)

(c:/texlive/2020/texmf-dist/tex/latex/graphics/graphics.sty
Package: graphics 2020/08/30 v1.4c Standard LaTeX Graphics (DPC,SPQR)

(c:/texlive/2020/texmf-dist/tex/latex/graphics/trig.sty
Package: trig 2016/01/03 v1.10 sin cos tan (DPC)
)
(c:/texlive/2020/texmf-dist/tex/latex/graphics-cfg/graphics.cfg
File: graphics.cfg 2016/06/04 v1.11 sample graphics configuration
)
Package graphics Info: Driver file: pdftex.def on input line 105.

(c:/texlive/2020/texmf-dist/tex/latex/graphics-def/pdftex.def
File: pdftex.def 2020/10/05 v1.2a Graphics/color driver for pdftex
))
\Gin@req@height=\dimen170
\Gin@req@width=\dimen171
)
(c:/texlive/2020/texmf-dist/tex/latex/float/float.sty
Package: float 2001/11/08 v1.3d Float enhancements (AL)
\c@float@type=\count277
\float@exts=\toks33
\float@box=\box51
\@float@everytoks=\toks34
\@floatcapt=\box52
)
(c:/texlive/2020/texmf-dist/tex/latex/adjustbox/adjustbox.sty
Package: adjustbox 2020/08/19 v1.3 Adjusting TeX boxes (trim, clip, ...)

(c:/texlive/2020/texmf-dist/tex/latex/xkeyval/xkeyval.sty
Package: xkeyval 2020/11/20 v2.8 package option processing (HA)

(c:/texlive/2020/texmf-dist/tex/generic/xkeyval/xkeyval.tex
(c:/texlive/2020/texmf-dist/tex/generic/xkeyval/xkvutils.tex
\XKV@toks=\toks35
\XKV@tempa@toks=\toks36
)
\XKV@depth=\count278
File: xkeyval.tex 2014/12/03 v2.7a key=value parser (HA)
))
(c:/texlive/2020/texmf-dist/tex/latex/adjustbox/adjcalc.sty
Package: adjcalc 2012/05/16 v1.1 Provides advanced setlength with multiple back
-ends (calc, etex, pgfmath)
)
(c:/texlive/2020/texmf-dist/tex/latex/adjustbox/trimclip.sty
Package: trimclip 2020/08/19 v1.2 Trim and clip general TeX material

(c:/texlive/2020/texmf-dist/tex/latex/collectbox/collectbox.sty
Package: collectbox 2012/05/17 v0.4b Collect macro arguments as boxes
\collectedbox=\box53
)
\tc@llx=\dimen172
\tc@lly=\dimen173
\tc@urx=\dimen174
\tc@ury=\dimen175
Package trimclip Info: Using driver 'tc-pdftex.def'.

(c:/texlive/2020/texmf-dist/tex/latex/adjustbox/tc-pdftex.def
File: tc-pdftex.def 2019/01/04 v2.2 Clipping driver for pdftex
))
\adjbox@Width=\dimen176
\adjbox@Height=\dimen177
\adjbox@Depth=\dimen178
\adjbox@Totalheight=\dimen179
\adjbox@pwidth=\dimen180
\adjbox@pheight=\dimen181
\adjbox@pdepth=\dimen182
\adjbox@ptotalheight=\dimen183

(c:/texlive/2020/texmf-dist/tex/latex/ifoddpage/ifoddpage.sty
Package: ifoddpage 2016/04/23 v1.1 Conditionals for odd/even page detection
\c@checkoddpage=\count279
)
(c:/texlive/2020/texmf-dist/tex/latex/varwidth/varwidth.sty
Package: varwidth 2009/03/30 ver 0.92;  Variable-width minipages
\@vwid@box=\box54
\sift@deathcycles=\count280
\@vwid@loff=\dimen184
\@vwid@roff=\dimen185
))
(c:/texlive/2020/texmf-dist/tex/latex/xcolor/xcolor.sty
Package: xcolor 2016/05/11 v2.12 LaTeX color extensions (UK)

(c:/texlive/2020/texmf-dist/tex/latex/graphics-cfg/color.cfg
File: color.cfg 2016/01/02 v1.6 sample color configuration
)
Package xcolor Info: Driver file: pdftex.def on input line 225.

(c:/texlive/2020/texmf-dist/tex/latex/colortbl/colortbl.sty
Package: colortbl 2020/01/04 v1.0e Color table columns (DPC)
\everycr=\toks37
\minrowclearance=\skip73
)
\rownum=\count281
Package xcolor Info: Model `cmy' substituted by `cmy0' on input line 1348.
Package xcolor Info: Model `hsb' substituted by `rgb' on input line 1352.
Package xcolor Info: Model `RGB' extended on input line 1364.
Package xcolor Info: Model `HTML' substituted by `rgb' on input line 1366.
Package xcolor Info: Model `Hsb' substituted by `hsb' on input line 1367.
Package xcolor Info: Model `tHsb' substituted by `hsb' on input line 1368.
Package xcolor Info: Model `HSB' substituted by `hsb' on input line 1369.
Package xcolor Info: Model `Gray' substituted by `gray' on input line 1370.
Package xcolor Info: Model `wave' substituted by `hsb' on input line 1371.
)
(c:/texlive/2020/texmf-dist/tex/latex/algorithms/algorithm.sty
Package: algorithm 2009/08/24 v0.1 Document Style `algorithm' - floating enviro
nment

(c:/texlive/2020/texmf-dist/tex/latex/base/ifthen.sty
Package: ifthen 2014/09/29 v1.1c Standard LaTeX ifthen package (DPC)
)
\@float@every@algorithm=\toks38
\c@algorithm=\count282
)
(c:/texlive/2020/texmf-dist/tex/latex/algorithms/algorithmic.sty
Package: algorithmic 2009/08/24 v0.1 Document Style `algorithmic'
\c@ALC@unique=\count283
\c@ALC@line=\count284
\c@ALC@rem=\count285
\c@ALC@depth=\count286
\ALC@tlm=\skip74
\algorithmicindent=\skip75
)
(c:/texlive/2020/texmf-dist/tex/latex/listings/listings.sty
\lst@mode=\count287
\lst@gtempboxa=\box55
\lst@token=\toks39
\lst@length=\count288
\lst@currlwidth=\dimen186
\lst@column=\count289
\lst@pos=\count290
\lst@lostspace=\dimen187
\lst@width=\dimen188
\lst@newlines=\count291
\lst@lineno=\count292
\lst@maxwidth=\dimen189

(c:/texlive/2020/texmf-dist/tex/latex/listings/lstmisc.sty
File: lstmisc.sty 2020/03/24 1.8d (Carsten Heinz)
\c@lstnumber=\count293
\lst@skipnumbers=\count294
\lst@framebox=\box56
)
(c:/texlive/2020/texmf-dist/tex/latex/listings/listings.cfg
File: listings.cfg 2020/03/24 1.8d listings configuration
))
Package: listings 2020/03/24 1.8d (Carsten Heinz)

(c:/texlive/2020/texmf-dist/tex/latex/base/textcomp.sty
Package: textcomp 2020/02/02 v2.0n Standard LaTeX package
)
(c:/texlive/2020/texmf-dist/tex/latex/fancyhdr/fancyhdr.sty
Package: fancyhdr 2019/01/31 v3.10 Extensive control of page headers and footer
s
\f@nch@headwidth=\skip76
\f@nch@O@elh=\skip77
\f@nch@O@erh=\skip78
\f@nch@O@olh=\skip79
\f@nch@O@orh=\skip80
\f@nch@O@elf=\skip81
\f@nch@O@erf=\skip82
\f@nch@O@olf=\skip83
\f@nch@O@orf=\skip84
)
(c:/texlive/2020/texmf-dist/tex/latex/refcount/refcount.sty
Package: refcount 2019/12/15 v3.6 Data extraction from label references (HO)

(c:/texlive/2020/texmf-dist/tex/generic/ltxcmds/ltxcmds.sty
Package: ltxcmds 2020-05-10 v1.25 LaTeX kernel commands for general use (HO)
)
(c:/texlive/2020/texmf-dist/tex/generic/infwarerr/infwarerr.sty
Package: infwarerr 2019/12/03 v1.5 Providing info/warning/error messages (HO)
))
(c:/texlive/2020/texmf-dist/tex/latex/footmisc/footmisc.sty
Package: footmisc 2011/06/06 v5.5b a miscellany of footnote facilities
\FN@temptoken=\toks40
\footnotemargin=\dimen190
\c@pp@next@reset=\count295
Package footmisc Info: Declaring symbol style bringhurst on input line 855.
Package footmisc Info: Declaring symbol style chicago on input line 863.
Package footmisc Info: Declaring symbol style wiley on input line 872.
Package footmisc Info: Declaring symbol style lamport-robust on input line 883.

Package footmisc Info: Declaring symbol style lamport* on input line 903.
Package footmisc Info: Declaring symbol style lamport*-robust on input line 924
.
)
(c:/texlive/2020/texmf-dist/tex/latex/hyperref/hyperref.sty
Package: hyperref 2020-05-15 v7.00e Hypertext links for LaTeX

(c:/texlive/2020/texmf-dist/tex/generic/pdftexcmds/pdftexcmds.sty
Package: pdftexcmds 2020-06-27 v0.33 Utility functions of pdfTeX for LuaTeX (HO
)
Package pdftexcmds Info: \pdf@primitive is available.
Package pdftexcmds Info: \pdf@ifprimitive is available.
Package pdftexcmds Info: \pdfdraftmode found.
)
(c:/texlive/2020/texmf-dist/tex/generic/kvsetkeys/kvsetkeys.sty
Package: kvsetkeys 2019/12/15 v1.18 Key value parser (HO)
)
(c:/texlive/2020/texmf-dist/tex/generic/kvdefinekeys/kvdefinekeys.sty
Package: kvdefinekeys 2019-12-19 v1.6 Define keys (HO)
)
(c:/texlive/2020/texmf-dist/tex/generic/pdfescape/pdfescape.sty
Package: pdfescape 2019/12/09 v1.15 Implements pdfTeX's escape features (HO)
)
(c:/texlive/2020/texmf-dist/tex/latex/hycolor/hycolor.sty
Package: hycolor 2020-01-27 v1.10 Color options for hyperref/bookmark (HO)
)
(c:/texlive/2020/texmf-dist/tex/latex/letltxmacro/letltxmacro.sty
Package: letltxmacro 2019/12/03 v1.6 Let assignment for LaTeX macros (HO)
)
(c:/texlive/2020/texmf-dist/tex/latex/auxhook/auxhook.sty
Package: auxhook 2019-12-17 v1.6 Hooks for auxiliary files (HO)
)
(c:/texlive/2020/texmf-dist/tex/latex/kvoptions/kvoptions.sty
Package: kvoptions 2020-10-07 v3.14 Key value format for package options (HO)
)
\@linkdim=\dimen191
\Hy@linkcounter=\count296
\Hy@pagecounter=\count297

(c:/texlive/2020/texmf-dist/tex/latex/hyperref/pd1enc.def
File: pd1enc.def 2020-05-15 v7.00e Hyperref: PDFDocEncoding definition (HO)
Now handling font encoding PD1 ...
... no UTF-8 mapping file for font encoding PD1
)
(c:/texlive/2020/texmf-dist/tex/generic/intcalc/intcalc.sty
Package: intcalc 2019/12/15 v1.3 Expandable calculations with integers (HO)
)
(c:/texlive/2020/texmf-dist/tex/generic/etexcmds/etexcmds.sty
Package: etexcmds 2019/12/15 v1.7 Avoid name clashes with e-TeX commands (HO)
)
\Hy@SavedSpaceFactor=\count298
Package hyperref Info: Hyper figures OFF on input line 4464.
Package hyperref Info: Link nesting OFF on input line 4469.
Package hyperref Info: Hyper index ON on input line 4472.
Package hyperref Info: Plain pages OFF on input line 4479.
Package hyperref Info: Backreferencing OFF on input line 4484.
Package hyperref Info: Implicit mode ON; LaTeX internals redefined.
Package hyperref Info: Bookmarks ON on input line 4717.
\c@Hy@tempcnt=\count299
LaTeX Info: Redefining \url on input line 5076.
\XeTeXLinkMargin=\dimen192

(c:/texlive/2020/texmf-dist/tex/generic/bitset/bitset.sty
Package: bitset 2019/12/09 v1.3 Handle bit-vector datatype (HO)

(c:/texlive/2020/texmf-dist/tex/generic/bigintcalc/bigintcalc.sty
Package: bigintcalc 2019/12/15 v1.5 Expandable calculations on big integers (HO
)
))
\Fld@menulength=\count300
\Field@Width=\dimen193
\Fld@charsize=\dimen194
Package hyperref Info: Hyper figures OFF on input line 6347.
Package hyperref Info: Link nesting OFF on input line 6352.
Package hyperref Info: Hyper index ON on input line 6355.
Package hyperref Info: backreferencing OFF on input line 6362.
Package hyperref Info: Link coloring OFF on input line 6367.
Package hyperref Info: Link coloring with OCG OFF on input line 6372.
Package hyperref Info: PDF/A mode OFF on input line 6377.
LaTeX Info: Redefining \ref on input line 6417.
LaTeX Info: Redefining \pageref on input line 6421.

(c:/texlive/2020/texmf-dist/tex/latex/base/atbegshi-ltx.sty
Package: atbegshi-ltx 2020/08/17 v1.0a Emulation of the original atbegshi packa
ge
with kernel methods
)
\Hy@abspage=\count301
\c@Item=\count302
\c@Hfootnote=\count303
)
Package hyperref Info: Driver (autodetected): hpdftex.

(c:/texlive/2020/texmf-dist/tex/latex/hyperref/hpdftex.def
File: hpdftex.def 2020-05-15 v7.00e Hyperref driver for pdfTeX

(c:/texlive/2020/texmf-dist/tex/latex/base/atveryend-ltx.sty
Package: atveryend-ltx 2020/08/19 v1.0a Emulation of the original atvery packag
e
with kernel methods
)
\Fld@listcount=\count304
\c@bookmark@seq@number=\count305

(c:/texlive/2020/texmf-dist/tex/latex/rerunfilecheck/rerunfilecheck.sty
Package: rerunfilecheck 2019/12/05 v1.9 Rerun checks for auxiliary files (HO)

(c:/texlive/2020/texmf-dist/tex/generic/uniquecounter/uniquecounter.sty
Package: uniquecounter 2019/12/15 v1.4 Provide unlimited unique counter (HO)
)
Package uniquecounter Info: New unique counter `rerunfilecheck' on input line 2
86.
)
\Hy@SectionHShift=\skip85
)
Package hyperref Info: Option `colorlinks' set `true' on input line 74.


Package hyperref Warning: Option `bookmarks' has already been used,
(hyperref)                setting the option has no effect on input line 74.

(c:/R/R-4.0.2/share/texmf/tex/latex/Sweave.sty
Package: Sweave 

(c:/texlive/2020/texmf-dist/tex/latex/fancyvrb/fancyvrb.sty
Package: fancyvrb 2020/05/03 v3.6 verbatim text (tvz,hv)
\FV@CodeLineNo=\count306
\FV@InFile=\read2
\FV@TabBox=\box57
\c@FancyVerbLine=\count307
\FV@StepNumber=\count308
\FV@OutFile=\write3
)
(c:/texlive/2020/texmf-dist/tex/latex/base/fontenc.sty
Package: fontenc 2020/08/10 v2.0s Standard LaTeX package
)
(c:/texlive/2020/texmf-dist/tex/latex/ae/ae.sty
Package: ae 2001/02/12 1.3 Almost European Computer Modern

(c:/texlive/2020/texmf-dist/tex/latex/base/fontenc.sty
Package: fontenc 2020/08/10 v2.0s Standard LaTeX package
)))
Package csquotes Info: Checking for multilingual support...
Package csquotes Info: ... none found.
LaTeX Font Info:    Trying to load font information for T1+aer on input line 10
0.

(c:/texlive/2020/texmf-dist/tex/latex/ae/t1aer.fd
File: t1aer.fd 1997/11/16 Font definitions for T1/aer.
)
(c:/texlive/2020/texmf-dist/tex/latex/l3backend/l3backend-pdftex.def
File: l3backend-pdftex.def 2020-09-24 L3 backend support: PDF output (pdfTeX)
\l__kernel_color_stack_int=\count309
\l__pdf_internal_box=\box58
)

LaTeX Warning: Unused global option(s):
    [t].

(./main.aux)
\openout1 = `main.aux'.

LaTeX Font Info:    Checking defaults for OML/cmm/m/it on input line 100.
LaTeX Font Info:    ... okay on input line 100.
LaTeX Font Info:    Checking defaults for OMS/cmsy/m/n on input line 100.
LaTeX Font Info:    ... okay on input line 100.
LaTeX Font Info:    Checking defaults for OT1/cmr/m/n on input line 100.
LaTeX Font Info:    ... okay on input line 100.
LaTeX Font Info:    Checking defaults for T1/cmr/m/n on input line 100.
LaTeX Font Info:    ... okay on input line 100.
LaTeX Font Info:    Checking defaults for TS1/cmr/m/n on input line 100.
LaTeX Font Info:    ... okay on input line 100.
LaTeX Font Info:    Checking defaults for OMX/cmex/m/n on input line 100.
LaTeX Font Info:    ... okay on input line 100.
LaTeX Font Info:    Checking defaults for U/cmr/m/n on input line 100.
LaTeX Font Info:    ... okay on input line 100.
LaTeX Font Info:    Checking defaults for PD1/pdf/m/n on input line 100.
LaTeX Font Info:    ... okay on input line 100.

*geometry* driver: auto-detecting
*geometry* detected driver: pdftex
*geometry* verbose mode - [ preamble ] result:
* driver: pdftex
* paper: a4paper
* layout: <same size as paper>
* layoutoffset:(h,v)=(0.0pt,0.0pt)
* modes: 
* h-part:(L,W,R)=(49.79233pt, 497.92322pt, 49.79233pt)
* v-part:(T,H,B)=(42.67912pt, 759.6886pt, 42.67912pt)
* \paperwidth=597.50787pt
* \paperheight=845.04684pt
* \textwidth=497.92322pt
* \textheight=759.6886pt
* \oddsidemargin=-22.47766pt
* \evensidemargin=-22.47766pt
* \topmargin=-66.59087pt
* \headheight=14.5pt
* \headsep=25.0pt
* \topskip=12.0pt
* \footskip=30.0pt
* \marginparwidth=44.0pt
* \marginparsep=10.0pt
* \columnsep=10.0pt
* \skip\footins=10.8pt plus 4.0pt minus 2.0pt
* \hoffset=0.0pt
* \voffset=0.0pt
* \mag=1000
* \@twocolumnfalse
* \@twosidefalse
* \@mparswitchfalse
* \@reversemarginfalse
* (1in=72.27pt=25.4mm, 1cm=28.453pt)

Package caption Info: Begin \AtBeginDocument code.
Package caption Info: float package is loaded.
Package caption Info: hyperref package is loaded.
Package caption Info: listings package is loaded.
Package caption Info: End \AtBeginDocument code.
Package csquotes Info: Making character " active on input line 100.
ABD: EverySelectfont initializing macros
LaTeX Info: Redefining \selectfont on input line 100.

(c:/texlive/2020/texmf-dist/tex/context/base/mkii/supp-pdf.mkii
[Loading MPS to PDF converter (version 2006.09.02).]
\scratchcounter=\count310
\scratchdimen=\dimen195
\scratchbox=\box59
\nofMPsegments=\count311
\nofMParguments=\count312
\everyMPshowfont=\toks41
\MPscratchCnt=\count313
\MPscratchDim=\dimen196
\MPnumerator=\count314
\makeMPintoPDFobject=\count315
\everyMPtoPDFconversion=\toks42
) (c:/texlive/2020/texmf-dist/tex/latex/epstopdf-pkg/epstopdf-base.sty
Package: epstopdf-base 2020-01-24 v2.11 Base part for package epstopdf

(c:/texlive/2020/texmf-dist/tex/latex/grfext/grfext.sty
Package: grfext 2019/12/03 v1.3 Manage graphics extensions (HO)
)
Package epstopdf-base Info: Redefining graphics rule for `.eps' on input line 4
85.
Package grfext Info: Graphics extension search list:
(grfext)             [.pdf,.png,.jpg,.mps,.jpeg,.jbig2,.jb2,.PDF,.PNG,.JPG,.JPE
G,.JBIG2,.JB2,.eps]
(grfext)             \AppendGraphicsExtensions on input line 504.

(c:/texlive/2020/texmf-dist/tex/latex/latexconfig/epstopdf-sys.cfg
File: epstopdf-sys.cfg 2010/07/13 v1.3 Configuration of (r)epstopdf for TeX Liv
e
))
\c@lstlisting=\count316
Package hyperref Info: Link coloring ON on input line 100.

(c:/texlive/2020/texmf-dist/tex/latex/hyperref/nameref.sty
Package: nameref 2019/09/16 v2.46 Cross-referencing by name of section

(c:/texlive/2020/texmf-dist/tex/generic/gettitlestring/gettitlestring.sty
Package: gettitlestring 2019/12/15 v1.6 Cleanup title references (HO)
)
\c@section@level=\count317
)
LaTeX Info: Redefining \ref on input line 100.
LaTeX Info: Redefining \pageref on input line 100.
LaTeX Info: Redefining \nameref on input line 100.

(./main.out) (./main.out)
\@outlinefile=\write4
\openout4 = `main.out'.

 (./main-concordance.tex)
<figures/sigillum.png, id=133, 2946.00626pt x 2991.175pt>
File: figures/sigillum.png Graphic file (type png)
<use figures/sigillum.png>
Package pdftex.def Info: figures/sigillum.png  used on input line 127.
(pdftex.def)             Requested size: 199.16624pt x 202.19228pt.
LaTeX Font Info:    Trying to load font information for U+msa on input line 134
.

(c:/texlive/2020/texmf-dist/tex/latex/amsfonts/umsa.fd
File: umsa.fd 2013/01/14 v3.01 AMS symbols A
)
LaTeX Font Info:    Trying to load font information for U+msb on input line 134
.

(c:/texlive/2020/texmf-dist/tex/latex/amsfonts/umsb.fd
File: umsb.fd 2013/01/14 v3.01 AMS symbols B
)
LaTeX Font Info:    Trying to load font information for U+rsfs on input line 13
4.

(c:/texlive/2020/texmf-dist/tex/latex/jknapltx/ursfs.fd
File: ursfs.fd 1998/03/24 rsfs font definition file (jk)
) [1

{c:/texlive/2020/texmf-var/fonts/map/pdftex/updmap/pdftex.map} <./figures/sigil
lum.png

pdfTeX warning: pdflatex.exe (file ./figures/sigillum.png): large interlaced PN
G might cause out of memory (use non-interlaced PNG to fix this)
>] (./chapters/0_abstract.Rnw) [1] (./main.toc
Overfull \hbox (3.95448pt too wide) detected at line 28
 []\T1/aer/m/n/12 VIII
 []


Overfull \hbox (3.95448pt too wide) detected at line 29
 []\T1/aer/m/n/12 VIII
 []

)
\tf@toc=\write5
\openout5 = `main.toc'.

 [2]
Underfull \hbox (badness 10000) in paragraph at lines 166--171

 []


Underfull \hbox (badness 10000) in paragraph at lines 197--202

 []

[3] (./main.lof)
\tf@lof=\write6
\openout6 = `main.lof'.

 [4] (./chapters/1_introduction.Rnw
Underfull \hbox (badness 10000) in paragraph at lines 1--17

 []


Underfull \hbox (badness 10000) in paragraph at lines 18--38

 []


Underfull \hbox (badness 10000) in paragraph at lines 39--75

 []

) (./chapters/2_math.Rnw
Underfull \hbox (badness 10000) in paragraph at lines 4--9

 []

pdfTeX warning (ext4): destination with the same identifier (name{page.1}) has 
been already used, duplicate ignored
<to be read again> 
                   \relax 
l.9 
     [1]
<figures/s_curve.pdf, id=285, 343.2825pt x 305.22029pt>
File: figures/s_curve.pdf Graphic file (type pdf)
<use figures/s_curve.pdf>
Package pdftex.def Info: figures/s_curve.pdf  used on input line 32.
(pdftex.def)             Requested size: 74.68924pt x 98.8358pt.

Overfull \hbox (5.23216pt too wide) in paragraph at lines 10--40
[][] [] [] 
 []


Underfull \hbox (badness 10000) in paragraph at lines 59--71

 []


Underfull \hbox (badness 10000) in paragraph at lines 75--83

 []


Underfull \hbox (badness 10000) in paragraph at lines 88--90

 []

) (./chapters/3_lgml.Rnw
Underfull \hbox (badness 10000) in paragraph at lines 4--16

 []

[2 <./figures/s_curve.pdf

pdfTeX warning: pdflatex.exe (file ./figures/s_curve.pdf): PDF inclusion: inval
id other resource which is no dict (key 'ProcSets', type <array>); ignored.
>]
<figures/models_overview_new.png, id=320, 809.0225pt x 257.96375pt>
File: figures/models_overview_new.png Graphic file (type png)
<use figures/models_overview_new.png>
Package pdftex.def Info: figures/models_overview_new.png  used on input line 35
.
(pdftex.def)             Requested size: 497.92322pt x 158.77074pt.
 [3 <./figures/models_overview_new.png>]
Underfull \hbox (badness 10000) in paragraph at lines 72--92

 []


Underfull \hbox (badness 10000) in paragraph at lines 93--123

 []


Underfull \hbox (badness 10000) in paragraph at lines 124--152

 []

<figures/s_curve_connected.pdf, id=379, 681.50606pt x 606.34526pt>
File: figures/s_curve_connected.pdf Graphic file (type pdf)
<use figures/s_curve_connected.pdf>
Package pdftex.def Info: figures/s_curve_connected.pdf  used on input line 181.

(pdftex.def)             Requested size: 93.3606pt x 111.75772pt.

Overfull \hbox (5.23216pt too wide) in paragraph at lines 153--189
[][] [] [] 
 []

[4 <./figures/s_curve_connected.pdf

pdfTeX warning: pdflatex.exe (file ./figures/s_curve_connected.pdf): PDF inclus
ion: invalid other resource which is no dict (key 'ProcSets', type <array>); ig
nored.
>]) (./chapters/4_techniques.Rnw
Underfull \hbox (badness 10000) in paragraph at lines 9--23

 []

<figures/sphere_tangent.pdf, id=413, 343.2825pt x 305.22029pt>
File: figures/sphere_tangent.pdf Graphic file (type pdf)
<use figures/sphere_tangent.pdf>
Package pdftex.def Info: figures/sphere_tangent.pdf  used on input line 52.
(pdftex.def)             Requested size: 99.58502pt x 105.848pt.

Overfull \hbox (5.23216pt too wide) in paragraph at lines 24--60
[][] [] [] 
 []

[5 <./figures/sphere_tangent.pdf

pdfTeX warning: pdflatex.exe (file ./figures/sphere_tangent.pdf): PDF inclusion
: invalid other resource which is no dict (key 'ProcSets', type <array>); ignor
ed.
>]
Underfull \hbox (badness 10000) in paragraph at lines 139--148

 []

<figures/reconstruction_3d.pdf, id=453, 229.81859pt x 192.72pt>
File: figures/reconstruction_3d.pdf Graphic file (type pdf)
<use figures/reconstruction_3d.pdf>
Package pdftex.def Info: figures/reconstruction_3d.pdf  used on input line 177.

(pdftex.def)             Requested size: 165.56181pt x 95.05605pt.
<figures/reconstruction_2d.pdf, id=455, 229.81859pt x 192.72pt>
File: figures/reconstruction_2d.pdf Graphic file (type pdf)
<use figures/reconstruction_2d.pdf>
Package pdftex.def Info: figures/reconstruction_2d.pdf  used on input line 183.

(pdftex.def)             Requested size: 130.7071pt x 88.82588pt.
[6 <./figures/reconstruction_3d.pdf

pdfTeX warning: pdflatex.exe (file ./figures/reconstruction_3d.pdf): PDF inclus
ion: invalid other resource which is no dict (key 'ProcSets', type <array>); ig
nored.
> <./figures/reconstruction_2d.pdf

pdfTeX warning: pdflatex.exe (file ./figures/reconstruction_2d.pdf): PDF inclus
ion: invalid other resource which is no dict (key 'ProcSets', type <array>); ig
nored.
>]
Underfull \hbox (badness 10000) in paragraph at lines 243--250

 []

[7]
Underfull \hbox (badness 10000) in paragraph at lines 300--312

 []


Underfull \hbox (badness 10000) in paragraph at lines 313--328

 []

[8]
Underfull \hbox (badness 10000) in paragraph at lines 411--423

 []

<figures/s_curve_pp_random.pdf, id=592, 343.2825pt x 305.22029pt>
File: figures/s_curve_pp_random.pdf Graphic file (type pdf)
<use figures/s_curve_pp_random.pdf>
Package pdftex.def Info: figures/s_curve_pp_random.pdf  used on input line 473.

(pdftex.def)             Requested size: 87.13808pt x 115.31233pt.
<figures/s_curve_undone_pp_random_long.pdf, id=594, 229.81859pt x 455.78279pt>
File: figures/s_curve_undone_pp_random_long.pdf Graphic file (type pdf)
<use figures/s_curve_undone_pp_random_long.pdf>
Package pdftex.def Info: figures/s_curve_undone_pp_random_long.pdf  used on inp
ut line 479.
(pdftex.def)             Requested size: 69.7094pt x 132.16267pt.
<figures/s_curve_pp_poor.pdf, id=597, 343.2825pt x 305.22029pt>
File: figures/s_curve_pp_poor.pdf Graphic file (type pdf)
<use figures/s_curve_pp_poor.pdf>
Package pdftex.def Info: figures/s_curve_pp_poor.pdf  used on input line 513.
(pdftex.def)             Requested size: 55.76964pt x 78.4304pt.
File: figures/s_curve_pp_random.pdf Graphic file (type pdf)
<use figures/s_curve_pp_random.pdf>
Package pdftex.def Info: figures/s_curve_pp_random.pdf  used on input line 517.

(pdftex.def)             Requested size: 55.76964pt x 78.4304pt.
<figures/s_curve_pp_maxmin.pdf, id=600, 343.2825pt x 305.22029pt>
File: figures/s_curve_pp_maxmin.pdf Graphic file (type pdf)
<use figures/s_curve_pp_maxmin.pdf>
Package pdftex.def Info: figures/s_curve_pp_maxmin.pdf  used on input line 521.

(pdftex.def)             Requested size: 55.76964pt x 78.4304pt.
[9 <./figures/s_curve_pp_random.pdf

pdfTeX warning: pdflatex.exe (file ./figures/s_curve_pp_random.pdf): PDF inclus
ion: invalid other resource which is no dict (key 'ProcSets', type <array>); ig
nored.
> <./figures/s_curve_undone_pp_random_long.pdf

pdfTeX warning: pdflatex.exe (file ./figures/s_curve_undone_pp_random_long.pdf)
: PDF inclusion: invalid other resource which is no dict (key 'ProcSets', type 
<array>); ignored.
>]
Underfull \hbox (badness 10000) in paragraph at lines 534--544

 []


Underfull \hbox (badness 10000) in paragraph at lines 570--579

 []


Underfull \hbox (badness 10000) in paragraph at lines 615--627

 []

[10 <./figures/s_curve_pp_poor.pdf

pdfTeX warning: pdflatex.exe (file ./figures/s_curve_pp_poor.pdf): PDF inclusio
n: invalid other resource which is no dict (key 'ProcSets', type <array>); igno
red.
> <./figures/s_curve_pp_maxmin.pdf

pdfTeX warning: pdflatex.exe (file ./figures/s_curve_pp_maxmin.pdf): PDF inclus
ion: invalid other resource which is no dict (key 'ProcSets', type <array>); ig
nored.
>]
Underfull \hbox (badness 10000) in paragraph at lines 628--648

 []


Underfull \hbox (badness 10000) in paragraph at lines 649--660

 []

) (./chapters/5_experiment.Rnw
Underfull \hbox (badness 10000) in paragraph at lines 9--16

 []

[11]
Underfull \hbox (badness 10000) in paragraph at lines 61--76

 []

<figures/swiss_roll.pdf, id=683, 343.2825pt x 305.22029pt>
File: figures/swiss_roll.pdf Graphic file (type pdf)
<use figures/swiss_roll.pdf>
Package pdftex.def Info: figures/swiss_roll.pdf  used on input line 99.
(pdftex.def)             Requested size: 74.68924pt x 82.46944pt.
<figures/incomplete_tire.pdf, id=685, 455.78279pt x 305.22029pt>
File: figures/incomplete_tire.pdf Graphic file (type pdf)
<use figures/incomplete_tire.pdf>
Package pdftex.def Info: figures/incomplete_tire.pdf  used on input line 104.
(pdftex.def)             Requested size: 124.4808pt x 64.35706pt.
<figures/world_3d.pdf, id=687, 606.34526pt x 606.34526pt>
File: figures/world_3d.pdf Graphic file (type pdf)
<use figures/world_3d.pdf>
Package pdftex.def Info: figures/world_3d.pdf  used on input line 109.
(pdftex.def)             Requested size: 112.03195pt x 107.58673pt.
) (./chapters/6_discussion.Rnw [12 <./figures/swiss_roll.pdf

pdfTeX warning: pdflatex.exe (file ./figures/swiss_roll.pdf): PDF inclusion: in
valid other resource which is no dict (key 'ProcSets', type <array>); ignored.
> <./figures/incomplete_tire.pdf

pdfTeX warning: pdflatex.exe (file ./figures/incomplete_tire.pdf): PDF inclusio
n: invalid other resource which is no dict (key 'ProcSets', type <array>); igno
red.
> <./figures/world_3d.pdf

pdfTeX warning: pdflatex.exe (file ./figures/world_3d.pdf): PDF inclusion: inva
lid other resource which is no dict (key 'ProcSets', type <array>); ignored.
>]) (./chapters/7_conclusion.Rnw) [13] (./chapters/99_appendix.Rnw
Underfull \hbox (badness 10000) in paragraph at lines 4--10

 []


Underfull \hbox (badness 10000) in paragraph at lines 42--48

 []


Underfull \hbox (badness 10000) in paragraph at lines 49--60

 []


Underfull \hbox (badness 10000) in paragraph at lines 61--76

 []


Underfull \hbox (badness 10000) in paragraph at lines 91--97

 []

[5]
Underfull \hbox (badness 10000) in paragraph at lines 98--110

 []


Overfull \hbox (4.32338pt too wide) in paragraph at lines 135--139
[]\T1/aer/m/n/12 is a curve in $\U/msb/m/n/12 R[]$ \T1/aer/m/n/12 (all $\OML/cm
m/m/it/12 c[]; j \OT1/cmr/m/n/12 = 1\OML/cmm/m/it/12 ; :::; d$ \T1/aer/m/n/12 h
av-ing a suf-fi-cient num-ber of con-tin-u-ous deriva-tives). Component-
 []

[6]
Underfull \hbox (badness 10000) in paragraph at lines 250--261

 []


Underfull \hbox (badness 10000) in paragraph at lines 262--274

 []

[7]

Package hyperref Warning: Token not allowed in a PDF string (PDFDocEncoding):
(hyperref)                removing `math shift' on input line 308.


Package hyperref Warning: Token not allowed in a PDF string (PDFDocEncoding):
(hyperref)                removing `math shift' on input line 308.


Package hyperref Warning: Token not allowed in a PDF string (PDFDocEncoding):
(hyperref)                removing `math shift' on input line 308.


Package hyperref Warning: Token not allowed in a PDF string (PDFDocEncoding):
(hyperref)                removing `\epsilon' on input line 308.


Package hyperref Warning: Token not allowed in a PDF string (PDFDocEncoding):
(hyperref)                removing `math shift' on input line 308.


Package hyperref Warning: Token not allowed in a PDF string (PDFDocEncoding):
(hyperref)                removing `math shift' on input line 353.


Package hyperref Warning: Token not allowed in a PDF string (PDFDocEncoding):
(hyperref)                removing `math shift' on input line 353.

[8]

Package hyperref Warning: Token not allowed in a PDF string (PDFDocEncoding):
(hyperref)                removing `math shift' on input line 390.


Package hyperref Warning: Token not allowed in a PDF string (PDFDocEncoding):
(hyperref)                removing `subscript' on input line 390.


Package hyperref Warning: Token not allowed in a PDF string (PDFDocEncoding):
(hyperref)                removing `math shift' on input line 390.


Underfull \hbox (badness 10000) in paragraph at lines 393--399

 []


Underfull \hbox (badness 10000) in paragraph at lines 421--428

 []

[9]
Underfull \hbox (badness 10000) in paragraph at lines 468--471

 []

) [10]
LaTeX Font Info:    Trying to load font information for T1+aett on input line 3
16.
 (c:/texlive/2020/texmf-dist/tex/latex/ae/t1aett.fd
File: t1aett.fd 1997/11/16 Font definitions for T1/aett.
) [11] (./main.bbl
[12] [13]) [14]
Overfull \hbox (4.23676pt too wide) in paragraph at lines 340--349
[]\T1/aer/m/n/12 I hereby de-clare that the re-port sub-mit-ted is my own un-ai
ded work. All di-rect or in-di-rect sources 
 []

[15] (./main.aux)
Package rerunfilecheck Info: File `main.out' has not changed.
(rerunfilecheck)             Checksum: CB1F4A16AEA68A7A5F51EA5734DAE02A;2386.
 ) 
Here is how much of TeX's memory you used:
 14282 strings out of 479485
 215492 string characters out of 5875915
 557938 words of memory out of 5000000
 30717 multiletter control sequences out of 15000+600000
 595245 words of font info for 151 fonts, out of 8000000 for 9000
 1141 hyphenation exceptions out of 8191
 66i,20n,72p,369b,564s stack positions out of 5000i,500n,10000p,200000b,80000s
<c:/texlive/2020/texmf-dist/fonts/type1/public/amsfonts/cm/cmb10.pfb><c:/texl
ive/2020/texmf-dist/fonts/type1/public/amsfonts/cm/cmbx12.pfb><c:/texlive/2020/
texmf-dist/fonts/type1/public/amsfonts/cm/cmbx8.pfb><c:/texlive/2020/texmf-dist
/fonts/type1/public/amsfonts/cm/cmex10.pfb><c:/texlive/2020/texmf-dist/fonts/ty
pe1/public/amsfonts/cm/cmmi10.pfb><c:/texlive/2020/texmf-dist/fonts/type1/publi
c/amsfonts/cm/cmmi12.pfb><c:/texlive/2020/texmf-dist/fonts/type1/public/amsfont
s/cm/cmmi6.pfb><c:/texlive/2020/texmf-dist/fonts/type1/public/amsfonts/cm/cmmi7
.pfb><c:/texlive/2020/texmf-dist/fonts/type1/public/amsfonts/cm/cmmi8.pfb><c:/t
exlive/2020/texmf-dist/fonts/type1/public/amsfonts/cm/cmmib10.pfb><c:/texlive/2
020/texmf-dist/fonts/type1/public/amsfonts/cmextra/cmmib6.pfb><c:/texlive/2020/
texmf-dist/fonts/type1/public/amsfonts/cmextra/cmmib8.pfb><c:/texlive/2020/texm
f-dist/fonts/type1/public/amsfonts/cm/cmr10.pfb><c:/texlive/2020/texmf-dist/fon
ts/type1/public/amsfonts/cm/cmr12.pfb><c:/texlive/2020/texmf-dist/fonts/type1/p
ublic/amsfonts/cm/cmr17.pfb><c:/texlive/2020/texmf-dist/fonts/type1/public/amsf
onts/cm/cmr6.pfb><c:/texlive/2020/texmf-dist/fonts/type1/public/amsfonts/cm/cmr
7.pfb><c:/texlive/2020/texmf-dist/fonts/type1/public/amsfonts/cm/cmr8.pfb><c:/t
exlive/2020/texmf-dist/fonts/type1/public/amsfonts/cm/cmsy10.pfb><c:/texlive/20
20/texmf-dist/fonts/type1/public/amsfonts/cm/cmsy6.pfb><c:/texlive/2020/texmf-d
ist/fonts/type1/public/amsfonts/cm/cmsy7.pfb><c:/texlive/2020/texmf-dist/fonts/
type1/public/amsfonts/cm/cmsy8.pfb><c:/texlive/2020/texmf-dist/fonts/type1/publ
ic/amsfonts/cm/cmti10.pfb><c:/texlive/2020/texmf-dist/fonts/type1/public/amsfon
ts/cm/cmti12.pfb><c:/texlive/2020/texmf-dist/fonts/type1/public/amsfonts/cm/cmt
t12.pfb><c:/texlive/2020/texmf-dist/fonts/type1/public/amsfonts/symbols/msbm10.
pfb><c:/texlive/2020/texmf-dist/fonts/type1/public/rsfs/rsfs10.pfb>
Output written on main.pdf (29 pages, 2346602 bytes).
PDF statistics:
 1024 PDF objects out of 1200 (max. 8388607)
 899 compressed objects within 9 object streams
 179 named destinations out of 1000 (max. 500000)
 415 words of extra memory for PDF output out of 10000 (max. 10000000)

