This is pdfTeX, Version 3.14159265-2.6-1.40.21 (TeX Live 2020/W32TeX) (preloaded format=pdflatex 2020.11.26)  4 MAR 2021 10:43
entering extended mode
 restricted \write18 enabled.
 %&-line parsing enabled.
**presentation.tex
(./presentation.tex
LaTeX2e <2020-10-01> patch level 2
L3 programming layer <2020-10-27> xparse <2020-03-03>
(c:/texlive/2020/texmf-dist/tex/latex/beamer/beamer.cls
Document Class: beamer 2020/07/22 v3.59 A class for typesetting presentations
(c:/texlive/2020/texmf-dist/tex/latex/beamer/beamerbasemodes.sty
(c:/texlive/2020/texmf-dist/tex/latex/etoolbox/etoolbox.sty
Package: etoolbox 2020/10/05 v2.5k e-TeX tools for LaTeX (JAW)
\etb@tempcnta=\count175
)
\beamer@tempbox=\box47
\beamer@tempcount=\count176
\c@beamerpauses=\count177

(c:/texlive/2020/texmf-dist/tex/latex/beamer/beamerbasedecode.sty
\beamer@slideinframe=\count178
\beamer@minimum=\count179
\beamer@decode@box=\box48
)
\beamer@commentbox=\box49
\beamer@modecount=\count180
)
(c:/texlive/2020/texmf-dist/tex/generic/iftex/ifpdf.sty
Package: ifpdf 2019/10/25 v3.4 ifpdf legacy package. Use iftex instead.

(c:/texlive/2020/texmf-dist/tex/generic/iftex/iftex.sty
Package: iftex 2020/03/06 v1.0d TeX engine tests
))
\headdp=\dimen138
\footheight=\dimen139
\sidebarheight=\dimen140
\beamer@tempdim=\dimen141
\beamer@finalheight=\dimen142
\beamer@animht=\dimen143
\beamer@animdp=\dimen144
\beamer@animwd=\dimen145
\beamer@leftmargin=\dimen146
\beamer@rightmargin=\dimen147
\beamer@leftsidebar=\dimen148
\beamer@rightsidebar=\dimen149
\beamer@boxsize=\dimen150
\beamer@vboxoffset=\dimen151
\beamer@descdefault=\dimen152
\beamer@descriptionwidth=\dimen153
\beamer@lastskip=\skip47
\beamer@areabox=\box50
\beamer@animcurrent=\box51
\beamer@animshowbox=\box52
\beamer@sectionbox=\box53
\beamer@logobox=\box54
\beamer@linebox=\box55
\beamer@sectioncount=\count181
\beamer@subsubsectionmax=\count182
\beamer@subsectionmax=\count183
\beamer@sectionmax=\count184
\beamer@totalheads=\count185
\beamer@headcounter=\count186
\beamer@partstartpage=\count187
\beamer@sectionstartpage=\count188
\beamer@subsectionstartpage=\count189
\beamer@animationtempa=\count190
\beamer@animationtempb=\count191
\beamer@xpos=\count192
\beamer@ypos=\count193
\beamer@ypos@offset=\count194
\beamer@showpartnumber=\count195
\beamer@currentsubsection=\count196
\beamer@coveringdepth=\count197
\beamer@sectionadjust=\count198
\beamer@tocsectionnumber=\count199

(c:/texlive/2020/texmf-dist/tex/latex/beamer/beamerbaseoptions.sty
(c:/texlive/2020/texmf-dist/tex/latex/graphics/keyval.sty
Package: keyval 2014/10/28 v1.15 key=value parser (DPC)
\KV@toks@=\toks15
))
\beamer@paperwidth=\skip48
\beamer@paperheight=\skip49

(c:/texlive/2020/texmf-dist/tex/latex/geometry/geometry.sty
Package: geometry 2020/01/02 v5.9 Page Geometry

(c:/texlive/2020/texmf-dist/tex/generic/iftex/ifvtex.sty
Package: ifvtex 2019/10/25 v1.7 ifvtex legacy package. Use iftex instead.
)
\Gm@cnth=\count266
\Gm@cntv=\count267
\c@Gm@tempcnt=\count268
\Gm@bindingoffset=\dimen154
\Gm@wd@mp=\dimen155
\Gm@odd@mp=\dimen156
\Gm@even@mp=\dimen157
\Gm@layoutwidth=\dimen158
\Gm@layoutheight=\dimen159
\Gm@layouthoffset=\dimen160
\Gm@layoutvoffset=\dimen161
\Gm@dimlist=\toks16
)
(c:/texlive/2020/texmf-dist/tex/latex/base/size11.clo
File: size11.clo 2020/04/10 v1.4m Standard LaTeX file (size option)
)
(c:/texlive/2020/texmf-dist/tex/latex/pgf/basiclayer/pgfcore.sty
(c:/texlive/2020/texmf-dist/tex/latex/graphics/graphicx.sty
Package: graphicx 2020/09/09 v1.2b Enhanced LaTeX Graphics (DPC,SPQR)

(c:/texlive/2020/texmf-dist/tex/latex/graphics/graphics.sty
Package: graphics 2020/08/30 v1.4c Standard LaTeX Graphics (DPC,SPQR)

(c:/texlive/2020/texmf-dist/tex/latex/graphics/trig.sty
Package: trig 2016/01/03 v1.10 sin cos tan (DPC)
)
(c:/texlive/2020/texmf-dist/tex/latex/graphics-cfg/graphics.cfg
File: graphics.cfg 2016/06/04 v1.11 sample graphics configuration
)
Package graphics Info: Driver file: pdftex.def on input line 105.

(c:/texlive/2020/texmf-dist/tex/latex/graphics-def/pdftex.def
File: pdftex.def 2020/10/05 v1.2a Graphics/color driver for pdftex
))
\Gin@req@height=\dimen162
\Gin@req@width=\dimen163
)
(c:/texlive/2020/texmf-dist/tex/latex/pgf/systemlayer/pgfsys.sty
(c:/texlive/2020/texmf-dist/tex/latex/pgf/utilities/pgfrcs.sty
(c:/texlive/2020/texmf-dist/tex/generic/pgf/utilities/pgfutil-common.tex
\pgfutil@everybye=\toks17
\pgfutil@tempdima=\dimen164
\pgfutil@tempdimb=\dimen165

(c:/texlive/2020/texmf-dist/tex/generic/pgf/utilities/pgfutil-common-lists.tex)
) (c:/texlive/2020/texmf-dist/tex/generic/pgf/utilities/pgfutil-latex.def
\pgfutil@abb=\box56
)
(c:/texlive/2020/texmf-dist/tex/generic/pgf/utilities/pgfrcs.code.tex
(c:/texlive/2020/texmf-dist/tex/generic/pgf/pgf.revision.tex)
Package: pgfrcs 2020/11/23 v3.1.7 (3.1.7)
))
(c:/texlive/2020/texmf-dist/tex/generic/pgf/systemlayer/pgfsys.code.tex
Package: pgfsys 2020/11/23 v3.1.7 (3.1.7)

(c:/texlive/2020/texmf-dist/tex/generic/pgf/utilities/pgfkeys.code.tex
\pgfkeys@pathtoks=\toks18
\pgfkeys@temptoks=\toks19

(c:/texlive/2020/texmf-dist/tex/generic/pgf/utilities/pgfkeysfiltered.code.tex
\pgfkeys@tmptoks=\toks20
))
\pgf@x=\dimen166
\pgf@y=\dimen167
\pgf@xa=\dimen168
\pgf@ya=\dimen169
\pgf@xb=\dimen170
\pgf@yb=\dimen171
\pgf@xc=\dimen172
\pgf@yc=\dimen173
\pgf@xd=\dimen174
\pgf@yd=\dimen175
\w@pgf@writea=\write3
\r@pgf@reada=\read2
\c@pgf@counta=\count269
\c@pgf@countb=\count270
\c@pgf@countc=\count271
\c@pgf@countd=\count272
\t@pgf@toka=\toks21
\t@pgf@tokb=\toks22
\t@pgf@tokc=\toks23
\pgf@sys@id@count=\count273
 (c:/texlive/2020/texmf-dist/tex/generic/pgf/systemlayer/pgf.cfg
File: pgf.cfg 2020/11/23 v3.1.7 (3.1.7)
)
Driver file for pgf: pgfsys-pdftex.def

(c:/texlive/2020/texmf-dist/tex/generic/pgf/systemlayer/pgfsys-pdftex.def
File: pgfsys-pdftex.def 2020/11/23 v3.1.7 (3.1.7)

(c:/texlive/2020/texmf-dist/tex/generic/pgf/systemlayer/pgfsys-common-pdf.def
File: pgfsys-common-pdf.def 2020/11/23 v3.1.7 (3.1.7)
)))
(c:/texlive/2020/texmf-dist/tex/generic/pgf/systemlayer/pgfsyssoftpath.code.tex
File: pgfsyssoftpath.code.tex 2020/11/23 v3.1.7 (3.1.7)
\pgfsyssoftpath@smallbuffer@items=\count274
\pgfsyssoftpath@bigbuffer@items=\count275
)
(c:/texlive/2020/texmf-dist/tex/generic/pgf/systemlayer/pgfsysprotocol.code.tex
File: pgfsysprotocol.code.tex 2020/11/23 v3.1.7 (3.1.7)
)) (c:/texlive/2020/texmf-dist/tex/latex/xcolor/xcolor.sty
Package: xcolor 2016/05/11 v2.12 LaTeX color extensions (UK)

(c:/texlive/2020/texmf-dist/tex/latex/graphics-cfg/color.cfg
File: color.cfg 2016/01/02 v1.6 sample color configuration
)
Package xcolor Info: Driver file: pdftex.def on input line 225.

(c:/texlive/2020/texmf-dist/tex/latex/colortbl/colortbl.sty
Package: colortbl 2020/01/04 v1.0e Color table columns (DPC)

(c:/texlive/2020/texmf-dist/tex/latex/tools/array.sty
Package: array 2020/10/01 v2.5c Tabular extension package (FMi)
\col@sep=\dimen176
\ar@mcellbox=\box57
\extrarowheight=\dimen177
\NC@list=\toks24
\extratabsurround=\skip50
\backup@length=\skip51
\ar@cellbox=\box58
)
\everycr=\toks25
\minrowclearance=\skip52
)
\rownum=\count276
Package xcolor Info: Model `cmy' substituted by `cmy0' on input line 1348.
Package xcolor Info: Model `hsb' substituted by `rgb' on input line 1352.
Package xcolor Info: Model `RGB' extended on input line 1364.
Package xcolor Info: Model `HTML' substituted by `rgb' on input line 1366.
Package xcolor Info: Model `Hsb' substituted by `hsb' on input line 1367.
Package xcolor Info: Model `tHsb' substituted by `hsb' on input line 1368.
Package xcolor Info: Model `HSB' substituted by `hsb' on input line 1369.
Package xcolor Info: Model `Gray' substituted by `gray' on input line 1370.
Package xcolor Info: Model `wave' substituted by `hsb' on input line 1371.
)
(c:/texlive/2020/texmf-dist/tex/generic/pgf/basiclayer/pgfcore.code.tex
Package: pgfcore 2020/11/23 v3.1.7 (3.1.7)

(c:/texlive/2020/texmf-dist/tex/generic/pgf/math/pgfmath.code.tex
(c:/texlive/2020/texmf-dist/tex/generic/pgf/math/pgfmathcalc.code.tex
(c:/texlive/2020/texmf-dist/tex/generic/pgf/math/pgfmathutil.code.tex)
(c:/texlive/2020/texmf-dist/tex/generic/pgf/math/pgfmathparser.code.tex
\pgfmath@dimen=\dimen178
\pgfmath@count=\count277
\pgfmath@box=\box59
\pgfmath@toks=\toks26
\pgfmath@stack@operand=\toks27
\pgfmath@stack@operation=\toks28
)
(c:/texlive/2020/texmf-dist/tex/generic/pgf/math/pgfmathfunctions.code.tex
(c:/texlive/2020/texmf-dist/tex/generic/pgf/math/pgfmathfunctions.basic.code.te
x)
(c:/texlive/2020/texmf-dist/tex/generic/pgf/math/pgfmathfunctions.trigonometric
.code.tex)
(c:/texlive/2020/texmf-dist/tex/generic/pgf/math/pgfmathfunctions.random.code.t
ex)
(c:/texlive/2020/texmf-dist/tex/generic/pgf/math/pgfmathfunctions.comparison.co
de.tex)
(c:/texlive/2020/texmf-dist/tex/generic/pgf/math/pgfmathfunctions.base.code.tex
)
(c:/texlive/2020/texmf-dist/tex/generic/pgf/math/pgfmathfunctions.round.code.te
x)
(c:/texlive/2020/texmf-dist/tex/generic/pgf/math/pgfmathfunctions.misc.code.tex
)
(c:/texlive/2020/texmf-dist/tex/generic/pgf/math/pgfmathfunctions.integerarithm
etics.code.tex)))
(c:/texlive/2020/texmf-dist/tex/generic/pgf/math/pgfmathfloat.code.tex
\c@pgfmathroundto@lastzeros=\count278
))
(c:/texlive/2020/texmf-dist/tex/generic/pgf/math/pgfint.code.tex)
(c:/texlive/2020/texmf-dist/tex/generic/pgf/basiclayer/pgfcorepoints.code.tex
File: pgfcorepoints.code.tex 2020/11/23 v3.1.7 (3.1.7)
\pgf@picminx=\dimen179
\pgf@picmaxx=\dimen180
\pgf@picminy=\dimen181
\pgf@picmaxy=\dimen182
\pgf@pathminx=\dimen183
\pgf@pathmaxx=\dimen184
\pgf@pathminy=\dimen185
\pgf@pathmaxy=\dimen186
\pgf@xx=\dimen187
\pgf@xy=\dimen188
\pgf@yx=\dimen189
\pgf@yy=\dimen190
\pgf@zx=\dimen191
\pgf@zy=\dimen192
)
(c:/texlive/2020/texmf-dist/tex/generic/pgf/basiclayer/pgfcorepathconstruct.cod
e.tex
File: pgfcorepathconstruct.code.tex 2020/11/23 v3.1.7 (3.1.7)
\pgf@path@lastx=\dimen193
\pgf@path@lasty=\dimen194
)
(c:/texlive/2020/texmf-dist/tex/generic/pgf/basiclayer/pgfcorepathusage.code.te
x
File: pgfcorepathusage.code.tex 2020/11/23 v3.1.7 (3.1.7)
\pgf@shorten@end@additional=\dimen195
\pgf@shorten@start@additional=\dimen196
)
(c:/texlive/2020/texmf-dist/tex/generic/pgf/basiclayer/pgfcorescopes.code.tex
File: pgfcorescopes.code.tex 2020/11/23 v3.1.7 (3.1.7)
\pgfpic=\box60
\pgf@hbox=\box61
\pgf@layerbox@main=\box62
\pgf@picture@serial@count=\count279
)
(c:/texlive/2020/texmf-dist/tex/generic/pgf/basiclayer/pgfcoregraphicstate.code
.tex
File: pgfcoregraphicstate.code.tex 2020/11/23 v3.1.7 (3.1.7)
\pgflinewidth=\dimen197
)
(c:/texlive/2020/texmf-dist/tex/generic/pgf/basiclayer/pgfcoretransformations.c
ode.tex
File: pgfcoretransformations.code.tex 2020/11/23 v3.1.7 (3.1.7)
\pgf@pt@x=\dimen198
\pgf@pt@y=\dimen199
\pgf@pt@temp=\dimen256
)
(c:/texlive/2020/texmf-dist/tex/generic/pgf/basiclayer/pgfcorequick.code.tex
File: pgfcorequick.code.tex 2020/11/23 v3.1.7 (3.1.7)
)
(c:/texlive/2020/texmf-dist/tex/generic/pgf/basiclayer/pgfcoreobjects.code.tex
File: pgfcoreobjects.code.tex 2020/11/23 v3.1.7 (3.1.7)
)
(c:/texlive/2020/texmf-dist/tex/generic/pgf/basiclayer/pgfcorepathprocessing.co
de.tex
File: pgfcorepathprocessing.code.tex 2020/11/23 v3.1.7 (3.1.7)
)
(c:/texlive/2020/texmf-dist/tex/generic/pgf/basiclayer/pgfcorearrows.code.tex
File: pgfcorearrows.code.tex 2020/11/23 v3.1.7 (3.1.7)
\pgfarrowsep=\dimen257
)
(c:/texlive/2020/texmf-dist/tex/generic/pgf/basiclayer/pgfcoreshade.code.tex
File: pgfcoreshade.code.tex 2020/11/23 v3.1.7 (3.1.7)
\pgf@max=\dimen258
\pgf@sys@shading@range@num=\count280
\pgf@shadingcount=\count281
)
(c:/texlive/2020/texmf-dist/tex/generic/pgf/basiclayer/pgfcoreimage.code.tex
File: pgfcoreimage.code.tex 2020/11/23 v3.1.7 (3.1.7)

(c:/texlive/2020/texmf-dist/tex/generic/pgf/basiclayer/pgfcoreexternal.code.tex
File: pgfcoreexternal.code.tex 2020/11/23 v3.1.7 (3.1.7)
\pgfexternal@startupbox=\box63
))
(c:/texlive/2020/texmf-dist/tex/generic/pgf/basiclayer/pgfcorelayers.code.tex
File: pgfcorelayers.code.tex 2020/11/23 v3.1.7 (3.1.7)
)
(c:/texlive/2020/texmf-dist/tex/generic/pgf/basiclayer/pgfcoretransparency.code
.tex
File: pgfcoretransparency.code.tex 2020/11/23 v3.1.7 (3.1.7)
)
(c:/texlive/2020/texmf-dist/tex/generic/pgf/basiclayer/pgfcorepatterns.code.tex
File: pgfcorepatterns.code.tex 2020/11/23 v3.1.7 (3.1.7)
) (c:/texlive/2020/texmf-dist/tex/generic/pgf/basiclayer/pgfcorerdf.code.tex
File: pgfcorerdf.code.tex 2020/11/23 v3.1.7 (3.1.7)
))) (c:/texlive/2020/texmf-dist/tex/latex/pgf/utilities/xxcolor.sty
Package: xxcolor 2003/10/24 ver 0.1
\XC@nummixins=\count282
\XC@countmixins=\count283
)
(c:/texlive/2020/texmf-dist/tex/latex/base/atbegshi-ltx.sty
Package: atbegshi-ltx 2020/08/17 v1.0a Emulation of the original atbegshi packa
ge
with kernel methods
)
(c:/texlive/2020/texmf-dist/tex/latex/hyperref/hyperref.sty
Package: hyperref 2020-05-15 v7.00e Hypertext links for LaTeX

(c:/texlive/2020/texmf-dist/tex/generic/ltxcmds/ltxcmds.sty
Package: ltxcmds 2020-05-10 v1.25 LaTeX kernel commands for general use (HO)
)
(c:/texlive/2020/texmf-dist/tex/generic/pdftexcmds/pdftexcmds.sty
Package: pdftexcmds 2020-06-27 v0.33 Utility functions of pdfTeX for LuaTeX (HO
)

(c:/texlive/2020/texmf-dist/tex/generic/infwarerr/infwarerr.sty
Package: infwarerr 2019/12/03 v1.5 Providing info/warning/error messages (HO)
)
Package pdftexcmds Info: \pdf@primitive is available.
Package pdftexcmds Info: \pdf@ifprimitive is available.
Package pdftexcmds Info: \pdfdraftmode found.
)
(c:/texlive/2020/texmf-dist/tex/generic/kvsetkeys/kvsetkeys.sty
Package: kvsetkeys 2019/12/15 v1.18 Key value parser (HO)
)
(c:/texlive/2020/texmf-dist/tex/generic/kvdefinekeys/kvdefinekeys.sty
Package: kvdefinekeys 2019-12-19 v1.6 Define keys (HO)
)
(c:/texlive/2020/texmf-dist/tex/generic/pdfescape/pdfescape.sty
Package: pdfescape 2019/12/09 v1.15 Implements pdfTeX's escape features (HO)
)
(c:/texlive/2020/texmf-dist/tex/latex/hycolor/hycolor.sty
Package: hycolor 2020-01-27 v1.10 Color options for hyperref/bookmark (HO)
)
(c:/texlive/2020/texmf-dist/tex/latex/letltxmacro/letltxmacro.sty
Package: letltxmacro 2019/12/03 v1.6 Let assignment for LaTeX macros (HO)
)
(c:/texlive/2020/texmf-dist/tex/latex/auxhook/auxhook.sty
Package: auxhook 2019-12-17 v1.6 Hooks for auxiliary files (HO)
)
(c:/texlive/2020/texmf-dist/tex/latex/kvoptions/kvoptions.sty
Package: kvoptions 2020-10-07 v3.14 Key value format for package options (HO)
)
\@linkdim=\dimen259
\Hy@linkcounter=\count284
\Hy@pagecounter=\count285

(c:/texlive/2020/texmf-dist/tex/latex/hyperref/pd1enc.def
File: pd1enc.def 2020-05-15 v7.00e Hyperref: PDFDocEncoding definition (HO)
Now handling font encoding PD1 ...
... no UTF-8 mapping file for font encoding PD1
)
(c:/texlive/2020/texmf-dist/tex/generic/intcalc/intcalc.sty
Package: intcalc 2019/12/15 v1.3 Expandable calculations with integers (HO)
)
(c:/texlive/2020/texmf-dist/tex/generic/etexcmds/etexcmds.sty
Package: etexcmds 2019/12/15 v1.7 Avoid name clashes with e-TeX commands (HO)
)
\Hy@SavedSpaceFactor=\count286
Package hyperref Info: Option `bookmarks' set `true' on input line 4338.
Package hyperref Info: Option `bookmarksopen' set `true' on input line 4338.
Package hyperref Info: Option `implicit' set `false' on input line 4338.
Package hyperref Info: Hyper figures OFF on input line 4464.
Package hyperref Info: Link nesting OFF on input line 4469.
Package hyperref Info: Hyper index ON on input line 4472.
Package hyperref Info: Plain pages OFF on input line 4479.
Package hyperref Info: Backreferencing OFF on input line 4484.
Package hyperref Info: Implicit mode OFF; no redefinition of LaTeX internals.
Package hyperref Info: Bookmarks ON on input line 4717.
\c@Hy@tempcnt=\count287

(c:/texlive/2020/texmf-dist/tex/latex/url/url.sty
\Urlmuskip=\muskip16
Package: url 2013/09/16  ver 3.4  Verb mode for urls, etc.
)
LaTeX Info: Redefining \url on input line 5076.
\XeTeXLinkMargin=\dimen260

(c:/texlive/2020/texmf-dist/tex/generic/bitset/bitset.sty
Package: bitset 2019/12/09 v1.3 Handle bit-vector datatype (HO)

(c:/texlive/2020/texmf-dist/tex/generic/bigintcalc/bigintcalc.sty
Package: bigintcalc 2019/12/15 v1.5 Expandable calculations on big integers (HO
)
))
\Fld@menulength=\count288
\Field@Width=\dimen261
\Fld@charsize=\dimen262
Package hyperref Info: Hyper figures OFF on input line 6347.
Package hyperref Info: Link nesting OFF on input line 6352.
Package hyperref Info: Hyper index ON on input line 6355.
Package hyperref Info: backreferencing OFF on input line 6362.
Package hyperref Info: Link coloring OFF on input line 6367.
Package hyperref Info: Link coloring with OCG OFF on input line 6372.
Package hyperref Info: PDF/A mode OFF on input line 6377.
LaTeX Info: Redefining \ref on input line 6417.
LaTeX Info: Redefining \pageref on input line 6421.
\Hy@abspage=\count289


Package hyperref Message: Stopped early.

)
Package hyperref Info: Driver (autodetected): hpdftex.
 (c:/texlive/2020/texmf-dist/tex/latex/hyperref/hpdftex.def
File: hpdftex.def 2020-05-15 v7.00e Hyperref driver for pdfTeX

(c:/texlive/2020/texmf-dist/tex/latex/base/atveryend-ltx.sty
Package: atveryend-ltx 2020/08/19 v1.0a Emulation of the original atvery packag
e
with kernel methods
)
\Fld@listcount=\count290
\c@bookmark@seq@number=\count291

(c:/texlive/2020/texmf-dist/tex/latex/rerunfilecheck/rerunfilecheck.sty
Package: rerunfilecheck 2019/12/05 v1.9 Rerun checks for auxiliary files (HO)

(c:/texlive/2020/texmf-dist/tex/generic/uniquecounter/uniquecounter.sty
Package: uniquecounter 2019/12/15 v1.4 Provide unlimited unique counter (HO)
)
Package uniquecounter Info: New unique counter `rerunfilecheck' on input line 2
86.
))
(c:/texlive/2020/texmf-dist/tex/latex/beamer/beamerbaserequires.sty
(c:/texlive/2020/texmf-dist/tex/latex/beamer/beamerbasecompatibility.sty)
(c:/texlive/2020/texmf-dist/tex/latex/beamer/beamerbasefont.sty
(c:/texlive/2020/texmf-dist/tex/latex/amsfonts/amssymb.sty
Package: amssymb 2013/01/14 v3.01 AMS font symbols

(c:/texlive/2020/texmf-dist/tex/latex/amsfonts/amsfonts.sty
Package: amsfonts 2013/01/14 v3.01 Basic AMSFonts support
\@emptytoks=\toks29
\symAMSa=\mathgroup4
\symAMSb=\mathgroup5
LaTeX Font Info:    Redeclaring math symbol \hbar on input line 98.
LaTeX Font Info:    Overwriting math alphabet `\mathfrak' in version `bold'
(Font)                  U/euf/m/n --> U/euf/b/n on input line 106.
))
(c:/texlive/2020/texmf-dist/tex/latex/sansmathaccent/sansmathaccent.sty
Package: sansmathaccent 2020/01/31

(c:/texlive/2020/texmf-dist/tex/latex/koma-script/scrlfile.sty
Package: scrlfile 2020/09/21 v3.32 KOMA-Script package (file load hooks)

(c:/texlive/2020/texmf-dist/tex/latex/koma-script/scrlfile-hook.sty
Package: scrlfile-hook 2020/09/21 v3.32 KOMA-Script package (using LaTeX hooks)


LaTeX3 Info: Defining command \BeforeFile with sig. 'm' on line 61.


LaTeX3 Info: Defining command \AfterFile with sig. 'm' on line 65.


LaTeX3 Info: Defining command \BeforeClass with sig. 'm' on line 69.


LaTeX3 Info: Defining command \BeforePackage with sig. 'm' on line 73.


LaTeX3 Info: Defining command \AfterAtEndOfClass with sig. 'smo+m' on line 83.


LaTeX3 Info: Defining command \AfterAtEndOfPackage with sig. 'smo+m' on line
(LaTeX3)     93.


LaTeX3 Info: Defining command \scrlfile@AfterClass with sig. 'smo+m' on line
(LaTeX3)     173.


LaTeX3 Info: Defining command \AfterClass with sig. '' on line 174.


LaTeX3 Info: Defining command \scrlfile@AfterPackage with sig. 'smo+m' on line
(LaTeX3)     191.


LaTeX3 Info: Defining command \AfterPackage with sig. '' on line 192.


LaTeX3 Info: Defining command \ReplaceInput with sig. '' on line 193.


LaTeX3 Info: Defining command \ReplaceClass with sig. 'mm' on line 196.


LaTeX3 Info: Defining command \ReplacePackage with sig. 'mm' on line 199.


LaTeX3 Info: Defining command \UnReplaceInput with sig. '' on line 200.


LaTeX3 Info: Defining command \UnReplaceClass with sig. 'm' on line 203.


LaTeX3 Info: Defining command \UnReplacePackage with sig. 'mm' on line 206.


LaTeX3 Info: Defining command \PreventPackageFromLoading with sig. 's+om' on
(LaTeX3)     line 234.


LaTeX3 Info: Defining command \StorePreventPackageFromLoading with sig. 'm' on
(LaTeX3)     line 242.


LaTeX3 Info: Defining command \ResetPreventPackageFromLoading with sig. '' on
(LaTeX3)     line 247.


LaTeX3 Info: Defining command \UnPreventPackageFromLoading with sig. 'sm' on
(LaTeX3)     line 261.


LaTeX3 Info: Defining command \BeforeClosingMainAux with sig. 'om' on line
(LaTeX3)     274.


LaTeX3 Info: Defining command \AfterReadingMainAux with sig. 'om' on line 287.


LaTeX3 Info: Defining command \protected@immediate@write with sig. 'm+m+m' on
(LaTeX3)     line 298.


(c:/texlive/2020/texmf-dist/tex/latex/koma-script/scrlogo.sty
Package: scrlogo 2020/09/21 v3.32 KOMA-Script package (logo)
)))))
(c:/texlive/2020/texmf-dist/tex/latex/beamer/beamerbasetranslator.sty
(c:/texlive/2020/texmf-dist/tex/latex/translator/translator.sty
Package: translator 2020-08-03 v1.12c Easy translation of strings in LaTeX
))
(c:/texlive/2020/texmf-dist/tex/latex/beamer/beamerbasemisc.sty)
(c:/texlive/2020/texmf-dist/tex/latex/beamer/beamerbasetwoscreens.sty)
(c:/texlive/2020/texmf-dist/tex/latex/beamer/beamerbaseoverlay.sty
\beamer@argscount=\count292
\beamer@lastskipcover=\skip53
\beamer@trivlistdepth=\count293
)
(c:/texlive/2020/texmf-dist/tex/latex/beamer/beamerbasetitle.sty)
(c:/texlive/2020/texmf-dist/tex/latex/beamer/beamerbasesection.sty
\c@lecture=\count294
\c@part=\count295
\c@section=\count296
\c@subsection=\count297
\c@subsubsection=\count298
)
(c:/texlive/2020/texmf-dist/tex/latex/beamer/beamerbaseframe.sty
\beamer@framebox=\box64
\beamer@frametitlebox=\box65
\beamer@zoombox=\box66
\beamer@zoomcount=\count299
\beamer@zoomframecount=\count300
\beamer@frametextheight=\dimen263
\c@subsectionslide=\count301
\beamer@frametopskip=\skip54
\beamer@framebottomskip=\skip55
\beamer@frametopskipautobreak=\skip56
\beamer@framebottomskipautobreak=\skip57
\beamer@envbody=\toks30
\framewidth=\dimen264
\c@framenumber=\count302
)
(c:/texlive/2020/texmf-dist/tex/latex/beamer/beamerbaseverbatim.sty
\beamer@verbatimfileout=\write4
)
(c:/texlive/2020/texmf-dist/tex/latex/beamer/beamerbaseframesize.sty
\beamer@splitbox=\box67
\beamer@autobreakcount=\count303
\beamer@autobreaklastheight=\dimen265
\beamer@frametitletoks=\toks31
\beamer@framesubtitletoks=\toks32
)
(c:/texlive/2020/texmf-dist/tex/latex/beamer/beamerbaseframecomponents.sty
\beamer@footins=\box68
)
(c:/texlive/2020/texmf-dist/tex/latex/beamer/beamerbasecolor.sty)
(c:/texlive/2020/texmf-dist/tex/latex/beamer/beamerbasenotes.sty
\beamer@frameboxcopy=\box69
)
(c:/texlive/2020/texmf-dist/tex/latex/beamer/beamerbasetoc.sty)
(c:/texlive/2020/texmf-dist/tex/latex/beamer/beamerbasetemplates.sty
\beamer@sbttoks=\toks33

(c:/texlive/2020/texmf-dist/tex/latex/beamer/beamerbaseauxtemplates.sty
(c:/texlive/2020/texmf-dist/tex/latex/beamer/beamerbaseboxes.sty
\bmb@box=\box70
\bmb@colorbox=\box71
\bmb@boxshadow=\box72
\bmb@boxshadowball=\box73
\bmb@boxshadowballlarge=\box74
\bmb@temp=\dimen266
\bmb@dima=\dimen267
\bmb@dimb=\dimen268
\bmb@prevheight=\dimen269
)
\beamer@blockheadheight=\dimen270
))
(c:/texlive/2020/texmf-dist/tex/latex/beamer/beamerbaselocalstructure.sty
(c:/texlive/2020/texmf-dist/tex/latex/tools/enumerate.sty
Package: enumerate 2015/07/23 v3.00 enumerate extensions (DPC)
\@enLab=\toks34
)
\c@figure=\count304
\c@table=\count305
\abovecaptionskip=\skip58
\belowcaptionskip=\skip59
)
(c:/texlive/2020/texmf-dist/tex/latex/beamer/beamerbasenavigation.sty
\beamer@section@min@dim=\dimen271
)
(c:/texlive/2020/texmf-dist/tex/latex/beamer/beamerbasetheorems.sty
(c:/texlive/2020/texmf-dist/tex/latex/amsmath/amsmath.sty
Package: amsmath 2020/09/23 v2.17i AMS math features
\@mathmargin=\skip60

For additional information on amsmath, use the `?' option.
(c:/texlive/2020/texmf-dist/tex/latex/amsmath/amstext.sty
Package: amstext 2000/06/29 v2.01 AMS text

(c:/texlive/2020/texmf-dist/tex/latex/amsmath/amsgen.sty
File: amsgen.sty 1999/11/30 v2.0 generic functions
\@emptytoks=\toks35
\ex@=\dimen272
))
(c:/texlive/2020/texmf-dist/tex/latex/amsmath/amsbsy.sty
Package: amsbsy 1999/11/29 v1.2d Bold Symbols
\pmbraise@=\dimen273
)
(c:/texlive/2020/texmf-dist/tex/latex/amsmath/amsopn.sty
Package: amsopn 2016/03/08 v2.02 operator names
)
\inf@bad=\count306
LaTeX Info: Redefining \frac on input line 234.
\uproot@=\count307
\leftroot@=\count308
LaTeX Info: Redefining \overline on input line 399.
\classnum@=\count309
\DOTSCASE@=\count310
LaTeX Info: Redefining \ldots on input line 496.
LaTeX Info: Redefining \dots on input line 499.
LaTeX Info: Redefining \cdots on input line 620.
\Mathstrutbox@=\box75
\strutbox@=\box76
\big@size=\dimen274
LaTeX Font Info:    Redeclaring font encoding OML on input line 743.
LaTeX Font Info:    Redeclaring font encoding OMS on input line 744.
\macc@depth=\count311
\c@MaxMatrixCols=\count312
\dotsspace@=\muskip17
\c@parentequation=\count313
\dspbrk@lvl=\count314
\tag@help=\toks36
\row@=\count315
\column@=\count316
\maxfields@=\count317
\andhelp@=\toks37
\eqnshift@=\dimen275
\alignsep@=\dimen276
\tagshift@=\dimen277
\tagwidth@=\dimen278
\totwidth@=\dimen279
\lineht@=\dimen280
\@envbody=\toks38
\multlinegap=\skip61
\multlinetaggap=\skip62
\mathdisplay@stack=\toks39
LaTeX Info: Redefining \[ on input line 2923.
LaTeX Info: Redefining \] on input line 2924.
)
(c:/texlive/2020/texmf-dist/tex/latex/amscls/amsthm.sty
Package: amsthm 2020/05/29 v2.20.6
\thm@style=\toks40
\thm@bodyfont=\toks41
\thm@headfont=\toks42
\thm@notefont=\toks43
\thm@headpunct=\toks44
\thm@preskip=\skip63
\thm@postskip=\skip64
\thm@headsep=\skip65
\dth@everypar=\toks45
)
\c@theorem=\count318
)
(c:/texlive/2020/texmf-dist/tex/latex/beamer/beamerbasethemes.sty))
(c:/texlive/2020/texmf-dist/tex/latex/beamer/beamerthemedefault.sty
(c:/texlive/2020/texmf-dist/tex/latex/beamer/beamerfontthemedefault.sty)
(c:/texlive/2020/texmf-dist/tex/latex/beamer/beamercolorthemedefault.sty)
(c:/texlive/2020/texmf-dist/tex/latex/beamer/beamerinnerthemedefault.sty
\beamer@dima=\dimen281
\beamer@dimb=\dimen282
)
(c:/texlive/2020/texmf-dist/tex/latex/beamer/beamerouterthemedefault.sty)))
(c:/texlive/2020/texmf-dist/tex/latex/framed/framed.sty
Package: framed 2011/10/22 v 0.96: framed or shaded text with page breaks
\OuterFrameSep=\skip66
\fb@frw=\dimen283
\fb@frh=\dimen284
\FrameRule=\dimen285
\FrameSep=\dimen286
)
(c:/texlive/2020/texmf-dist/tex/latex/base/alltt.sty
Package: alltt 1997/06/16 v2.0g defines alltt environment
)
(c:/texlive/2020/texmf-dist/tex/generic/babel/babel.sty
Package: babel 2020/10/27 3.51 The Babel package

(c:/texlive/2020/texmf-dist/tex/generic/babel/babel.def
File: babel.def 2020/10/27 3.51 Babel common definitions
\babel@savecnt=\count319
\U@D=\dimen287
\l@babelnohyphens=\language86

(c:/texlive/2020/texmf-dist/tex/generic/babel/txtbabel.def)
\bbl@readstream=\read3
)
LaTeX Info: Redefining \textlatin on input line 707.
\bbl@dirlevel=\count320

(c:/texlive/2020/texmf-dist/tex/generic/babel-english/english.ldf
Language: english 2017/06/06 v3.3r English support from the babel system
Package babel Info: \l@canadian = using hyphenrules for english
(babel)             (\language0) on input line 102.
Package babel Info: \l@australian = using hyphenrules for ukenglish
(babel)             (\language21) on input line 105.
Package babel Info: \l@newzealand = using hyphenrules for ukenglish
(babel)             (\language21) on input line 108.
))
(c:/texlive/2020/texmf-dist/tex/latex/base/inputenc.sty
Package: inputenc 2020/08/01 v1.3d Input encoding file
\inpenc@prehook=\toks46
\inpenc@posthook=\toks47
)
(c:/texlive/2020/texmf-dist/tex/latex/tools/verbatim.sty
Package: verbatim 2020-07-07 v1.5u LaTeX2e package for verbatim enhancements
\every@verbatim=\toks48
\verbatim@line=\toks49
\verbatim@in@stream=\read4
)
(c:/texlive/2020/texmf-dist/tex/latex/ncctools/nccmath.sty
Package: nccmath 2006/01/20 v1.3 Additional Math Commands (NCC)
\NCC@fracrulewidth=\dimen288
)
(c:/texlive/2020/texmf-dist/tex/latex/jknapltx/mathrsfs.sty
Package: mathrsfs 1996/01/01 Math RSFS package v1.0 (jk)
\symrsfs=\mathgroup6
)
\sympureletters=\mathgroup7
LaTeX Font Info:    Overwriting symbol font `pureletters' in version `bold'
(Font)                  OT1/mathkerncmss/m/sl --> OT1/mathkerncmss/bx/sl on inp
ut line 19.

(c:/texlive/2020/texmf-dist/tex/latex/tools/bm.sty
Package: bm 2019/07/24 v1.2d Bold Symbol Support (DPC/FMi)
\symboldoperators=\mathgroup8
\symboldletters=\mathgroup9
\symboldsymbols=\mathgroup10
\symboldpureletters=\mathgroup11
LaTeX Font Info:    Redeclaring math alphabet \mathbf on input line 141.
LaTeX Info: Redefining \bm on input line 209.
)
(c:/texlive/2020/texmf-dist/tex/latex/csquotes/csquotes.sty
Package: csquotes 2019-12-06 v5.2j context-sensitive quotations (JAW)
\csq@reset=\count321
\csq@gtype=\count322
\csq@glevel=\count323
\csq@qlevel=\count324
\csq@maxlvl=\count325
\csq@tshold=\count326
\csq@ltx@everypar=\toks50

(c:/texlive/2020/texmf-dist/tex/latex/csquotes/csquotes.def
File: csquotes.def 2019-12-06 v5.2j csquotes generic definitions (JAW)
)
Package csquotes Info: Trying to load configuration file 'csquotes.cfg'...
Package csquotes Info: ... configuration file loaded successfully.

(c:/texlive/2020/texmf-dist/tex/latex/csquotes/csquotes.cfg
File: csquotes.cfg 
))
(c:/texlive/2020/texmf-dist/tex/latex/multirow/multirow.sty
Package: multirow 2019/05/31 v2.5 Span multiple rows of a table
\multirow@colwidth=\skip67
\multirow@cntb=\count327
\multirow@dima=\skip68
\bigstrutjot=\dimen289
)
(c:/texlive/2020/texmf-dist/tex/latex/tools/longtable.sty
Package: longtable 2020/01/07 v4.13 Multi-page Table package (DPC)
\LTleft=\skip69
\LTright=\skip70
\LTpre=\skip71
\LTpost=\skip72
\LTchunksize=\count328
\LTcapwidth=\dimen290
\LT@head=\box77
\LT@firsthead=\box78
\LT@foot=\box79
\LT@lastfoot=\box80
\LT@cols=\count329
\LT@rows=\count330
\c@LT@tables=\count331
\c@LT@chunks=\count332
\LT@p@ftn=\toks51
)
(c:/texlive/2020/texmf-dist/tex/latex/textpos/textpos.sty
Package: textpos 2020/09/26 v1.10

Package: textpos 2020/09/26 1.10, absolute positioning of text on the page
Package textpos Info: choosing support for LaTeX3 on input line 61.
\TP@textbox=\box81
\TP@holdbox=\box82
\TPHorizModule=\dimen291
\TPVertModule=\dimen292
\TP@margin=\dimen293
\TP@absmargin=\dimen294
Grid set 16 x 16 = 28.45274pt x 17.78296pt
\TPboxrulesize=\dimen295
\TP@ox=\dimen296
\TP@oy=\dimen297
\TP@tbargs=\toks52
TextBlockOrigin set to 0pt x 0pt
) (c:/texlive/2020/texmf-dist/tex/latex/algorithms/algorithm.sty
Package: algorithm 2009/08/24 v0.1 Document Style `algorithm' - floating enviro
nment

(c:/texlive/2020/texmf-dist/tex/latex/float/float.sty
Package: float 2001/11/08 v1.3d Float enhancements (AL)
\c@float@type=\count333
\float@exts=\toks53
\float@box=\box83
\@float@everytoks=\toks54
\@floatcapt=\box84
)
(c:/texlive/2020/texmf-dist/tex/latex/base/ifthen.sty
Package: ifthen 2014/09/29 v1.1c Standard LaTeX ifthen package (DPC)
)
\@float@every@algorithm=\toks55
\c@algorithm=\count334
)
(c:/texlive/2020/texmf-dist/tex/latex/algorithmicx/algpseudocode.sty
Package: algpseudocode 

(c:/texlive/2020/texmf-dist/tex/latex/algorithmicx/algorithmicx.sty
Package: algorithmicx 2005/04/27 v1.2 Algorithmicx

Document Style algorithmicx 1.2 - a greatly improved `algorithmic' style
\c@ALG@line=\count335
\c@ALG@rem=\count336
\c@ALG@nested=\count337
\ALG@tlm=\skip73
\ALG@thistlm=\skip74
\c@ALG@Lnr=\count338
\c@ALG@blocknr=\count339
\c@ALG@storecount=\count340
\c@ALG@tmpcounter=\count341
\ALG@tmplength=\skip75
)
Document Style - pseudocode environments for use with the `algorithmicx' style
) (c:/texlive/2020/texmf-dist/tex/latex/eqnarray/eqnarray.sty
equationarray 1.3 <December 1, 2010>
Package: eqnarray 
\@eqargcnt=\count342
) (c:/texlive/2020/texmf-dist/tex/latex/arydshln/arydshln.sty
Package: arydshln 2019/02/21 v1.76 
\dashlinedash=\dimen298
\dashlinegap=\dimen299
\adl@box=\box85
\adl@height=\dimen300
\adl@heightsave=\dimen301
\adl@depth=\dimen302
\adl@depthsave=\dimen303
\adl@finaldepth=\dimen304
\adl@columns=\count343
\adl@ncol=\count344
\adl@currentcolumn=\count345
\adl@currentcolumnsave=\count346
\adl@totalheight=\count347
\adl@totalheightsave=\count348
\adl@dash=\count349
\adl@gap=\count350
\adl@cla=\count351
\adl@clb=\count352
\adl@everyvbox=\toks56
\adl@LTpagetotal=\dimen305
)
(c:/texlive/2020/texmf-dist/tex/latex/tools/tabularx.sty
Package: tabularx 2020/01/15 v2.11c `tabularx' package (DPC)
\TX@col@width=\dimen306
\TX@old@table=\dimen307
\TX@old@col=\dimen308
\TX@target=\dimen309
\TX@delta=\dimen310
\TX@cols=\count353
\TX@ftn=\toks57
)
(c:/texlive/2020/texmf-dist/tex/latex/setspace/setspace.sty
Package: setspace 2011/12/19 v6.7a set line spacing
)
(c:/texlive/2020/texmf-dist/tex/latex/mathtools/mathtools.sty
Package: mathtools 2020/03/24 v1.24 mathematical typesetting tools

(c:/texlive/2020/texmf-dist/tex/latex/tools/calc.sty
Package: calc 2017/05/25 v4.3 Infix arithmetic (KKT,FJ)
\calc@Acount=\count354
\calc@Bcount=\count355
\calc@Adimen=\dimen311
\calc@Bdimen=\dimen312
\calc@Askip=\skip76
\calc@Bskip=\skip77
LaTeX Info: Redefining \setlength on input line 80.
LaTeX Info: Redefining \addtolength on input line 81.
\calc@Ccount=\count356
\calc@Cskip=\skip78
)
(c:/texlive/2020/texmf-dist/tex/latex/mathtools/mhsetup.sty
Package: mhsetup 2017/03/31 v1.3 programming setup (MH)
)
LaTeX Info: Thecontrolsequence`\('isalreadyrobust on input line 130.
LaTeX Info: Thecontrolsequence`\)'isalreadyrobust on input line 130.
LaTeX Info: Thecontrolsequence`\['isalreadyrobust on input line 130.
LaTeX Info: Thecontrolsequence`\]'isalreadyrobust on input line 130.
\g_MT_multlinerow_int=\count357
\l_MT_multwidth_dim=\dimen313
\origjot=\skip79
\l_MT_shortvdotswithinadjustabove_dim=\dimen314
\l_MT_shortvdotswithinadjustbelow_dim=\dimen315
\l_MT_above_intertext_sep=\dimen316
\l_MT_below_intertext_sep=\dimen317
\l_MT_above_shortintertext_sep=\dimen318
\l_MT_below_shortintertext_sep=\dimen319
\xmathstrut@box=\box86
\xmathstrut@dim=\dimen320
)
(c:/texlive/2020/texmf-dist/tex/latex/wrapfig/wrapfig.sty
\wrapoverhang=\dimen321
\WF@size=\dimen322
\c@WF@wrappedlines=\count358
\WF@box=\box87
\WF@everypar=\toks58
Package: wrapfig 2003/01/31  v 3.6
)
(c:/texlive/2020/texmf-dist/tex/latex/caption/caption.sty
Package: caption 2020/10/26 v3.5g Customizing captions (AR)

(c:/texlive/2020/texmf-dist/tex/latex/caption/caption3.sty
Package: caption3 2020/10/21 v2.2e caption3 kernel (AR)
\captionmargin=\dimen323
\captionmargin@=\dimen324
\captionwidth=\dimen325
\caption@tempdima=\dimen326
\caption@indent=\dimen327
\caption@parindent=\dimen328
\caption@hangindent=\dimen329
Package caption Info: beamer document class detected.

(c:/texlive/2020/texmf-dist/tex/latex/caption/caption-beamer.sto
File: caption-beamer.sto 2020/08/22 v2.0 Adaption of the caption package to the
 beamer document classes (AR)
))
\c@caption@flags=\count359
\c@continuedfloat=\count360
Package caption Info: float package is loaded.
Package caption Info: hyperref package is loaded.
Package caption Info: Hyperref support is turned off
(caption)             because hyperref has stopped early.
Package caption Info: longtable package is loaded.

(c:/texlive/2020/texmf-dist/tex/latex/caption/ltcaption.sty
Package: ltcaption 2020/05/30 v1.4b longtable captions (AR)
)
Package caption Info: wrapfig package is loaded.
)
(c:/texlive/2020/texmf-dist/tex/latex/caption/subcaption.sty
Package: subcaption 2020/10/07 v1.3j Sub-captions (AR)
\c@subfigure=\count361
\c@subtable=\count362
)
(c:/texlive/2020/texmf-dist/tex/latex/natbib/natbib.sty
Package: natbib 2010/09/13 8.31b (PWD, AO)
\bibhang=\skip80
\bibsep=\skip81
LaTeX Info: Redefining \cite on input line 694.
\c@NAT@ctr=\count363
) (./style/report.sty
\symmysymbols=\mathgroup12
LaTeX Font Info:    Overwriting symbol font `mysymbols' in version `bold'
(Font)                  OMS/cmsy/m/n --> OMS/cmsy/b/n on input line 5.

(c:/texlive/2020/texmf-dist/tex/latex/fancyvrb/fancyvrb.sty
Package: fancyvrb 2020/05/03 v3.6 verbatim text (tvz,hv)
\FV@CodeLineNo=\count364
\FV@InFile=\read5
\FV@TabBox=\box88
\c@FancyVerbLine=\count365
\FV@StepNumber=\count366
\FV@OutFile=\write5
)
Package hyperref Info: Option `colorlinks' set `false' on input line 97.


Package hyperref Warning: Token not allowed in a PDF string (PDFDocEncoding):
(hyperref)                removing `\insertshortauthor' on input line 97.


Package hyperref Warning: Token not allowed in a PDF string (PDFDocEncoding):
(hyperref)                removing `\insertshorttitle' on input line 97.

(c:/texlive/2020/texmf-dist/tex/latex/beamer/beamerfontthemestructurebold.sty)
(c:/texlive/2020/texmf-dist/tex/latex/base/fontenc.sty
Package: fontenc 2020/08/10 v2.0s Standard LaTeX package
)
(c:/texlive/2020/texmf-dist/tex/latex/psnfss/helvet.sty
Package: helvet 2020/03/25 PSNFSS-v9.3 (WaS) 
)
\c@lectureframenumber=\count367
)
Package csquotes Info: Checking for multilingual support...
Package csquotes Info: ... found 'babel' package.
Package csquotes Info: Adjusting default style.
Package csquotes Info: Redefining alias 'default' -> 'english'.
LaTeX Font Info:    Trying to load font information for T1+phv on input line 10
0.

(c:/texlive/2020/texmf-dist/tex/latex/psnfss/t1phv.fd
File: t1phv.fd 2020/03/25 scalable font definitions for T1/phv.
)
LaTeX Font Info:    Font shape `T1/phv/m/n' will be
(Font)              scaled to size 10.07397pt on input line 100.

(c:/texlive/2020/texmf-dist/tex/latex/l3backend/l3backend-pdftex.def
File: l3backend-pdftex.def 2020-09-24 L3 backend support: PDF output (pdfTeX)
\l__kernel_color_stack_int=\count368
\l__pdf_internal_box=\box89
)
(./presentation.aux)
\openout1 = `presentation.aux'.

LaTeX Font Info:    Checking defaults for OML/cmm/m/it on input line 100.
LaTeX Font Info:    ... okay on input line 100.
LaTeX Font Info:    Checking defaults for OMS/cmsy/m/n on input line 100.
LaTeX Font Info:    ... okay on input line 100.
LaTeX Font Info:    Checking defaults for OT1/cmr/m/n on input line 100.
LaTeX Font Info:    ... okay on input line 100.
LaTeX Font Info:    Checking defaults for T1/cmr/m/n on input line 100.
LaTeX Font Info:    ... okay on input line 100.
LaTeX Font Info:    Checking defaults for TS1/cmr/m/n on input line 100.
LaTeX Font Info:    ... okay on input line 100.
LaTeX Font Info:    Checking defaults for OMX/cmex/m/n on input line 100.
LaTeX Font Info:    ... okay on input line 100.
LaTeX Font Info:    Checking defaults for U/cmr/m/n on input line 100.
LaTeX Font Info:    ... okay on input line 100.
LaTeX Font Info:    Checking defaults for PD1/pdf/m/n on input line 100.
LaTeX Font Info:    ... okay on input line 100.

*geometry* driver: auto-detecting
*geometry* detected driver: pdftex
*geometry* verbose mode - [ preamble ] result:
* driver: pdftex
* paper: custom
* layout: <same size as paper>
* layoutoffset:(h,v)=(0.0pt,0.0pt)
* modes: includehead includefoot 
* h-part:(L,W,R)=(22.76228pt, 409.71951pt, 22.76228pt)
* v-part:(T,H,B)=(0.0pt, 284.52756pt, 0.0pt)
* \paperwidth=455.24408pt
* \paperheight=284.52756pt
* \textwidth=409.71951pt
* \textheight=256.07483pt
* \oddsidemargin=-49.5077pt
* \evensidemargin=-49.5077pt
* \topmargin=-72.26999pt
* \headheight=14.22636pt
* \headsep=0.0pt
* \topskip=11.0pt
* \footskip=14.22636pt
* \marginparwidth=4.0pt
* \marginparsep=10.0pt
* \columnsep=10.0pt
* \skip\footins=10.0pt plus 4.0pt minus 2.0pt
* \hoffset=0.0pt
* \voffset=0.0pt
* \mag=1000
* \@twocolumnfalse
* \@twosidefalse
* \@mparswitchfalse
* \@reversemarginfalse
* (1in=72.27pt=25.4mm, 1cm=28.453pt)

(c:/texlive/2020/texmf-dist/tex/context/base/mkii/supp-pdf.mkii
[Loading MPS to PDF converter (version 2006.09.02).]
\scratchcounter=\count369
\scratchdimen=\dimen330
\scratchbox=\box90
\nofMPsegments=\count370
\nofMParguments=\count371
\everyMPshowfont=\toks59
\MPscratchCnt=\count372
\MPscratchDim=\dimen331
\MPnumerator=\count373
\makeMPintoPDFobject=\count374
\everyMPtoPDFconversion=\toks60
) (c:/texlive/2020/texmf-dist/tex/latex/epstopdf-pkg/epstopdf-base.sty
Package: epstopdf-base 2020-01-24 v2.11 Base part for package epstopdf

(c:/texlive/2020/texmf-dist/tex/latex/grfext/grfext.sty
Package: grfext 2019/12/03 v1.3 Manage graphics extensions (HO)
)
Package epstopdf-base Info: Redefining graphics rule for `.eps' on input line 4
85.
Package grfext Info: Graphics extension search list:
(grfext)             [.pdf,.png,.jpg,.mps,.jpeg,.jbig2,.jb2,.PDF,.PNG,.JPG,.JPE
G,.JBIG2,.JB2,.eps]
(grfext)             \AppendGraphicsExtensions on input line 504.

(c:/texlive/2020/texmf-dist/tex/latex/latexconfig/epstopdf-sys.cfg
File: epstopdf-sys.cfg 2010/07/13 v1.3 Configuration of (r)epstopdf for TeX Liv
e
))
Package hyperref Info: Link coloring OFF on input line 100.

(c:/texlive/2020/texmf-dist/tex/latex/hyperref/nameref.sty
Package: nameref 2019/09/16 v2.46 Cross-referencing by name of section

(c:/texlive/2020/texmf-dist/tex/latex/refcount/refcount.sty
Package: refcount 2019/12/15 v3.6 Data extraction from label references (HO)
)
(c:/texlive/2020/texmf-dist/tex/generic/gettitlestring/gettitlestring.sty
Package: gettitlestring 2019/12/15 v1.6 Cleanup title references (HO)
)
\c@section@level=\count375
)
LaTeX Info: Redefining \ref on input line 100.
LaTeX Info: Redefining \pageref on input line 100.
LaTeX Info: Redefining \nameref on input line 100.

(./presentation.out) (./presentation.out)
\@outlinefile=\write6
\openout6 = `presentation.out'.

LaTeX Font Info:    Overwriting symbol font `operators' in version `normal'
(Font)                  OT1/cmr/m/n --> OT1/cmss/m/n on input line 100.
LaTeX Font Info:    Overwriting symbol font `operators' in version `bold'
(Font)                  OT1/cmr/bx/n --> OT1/cmss/b/n on input line 100.
\symnumbers=\mathgroup13
LaTeX Font Info:    Redeclaring symbol font `pureletters' on input line 100.
LaTeX Font Info:    Encoding `OT1' has changed to `T1' for symbol font
(Font)              `pureletters' in the math version `normal' on input line 10
0.
LaTeX Font Info:    Overwriting symbol font `pureletters' in version `normal'
(Font)                  OT1/mathkerncmss/m/sl --> T1/phv/m/it on input line 100
.
LaTeX Font Info:    Encoding `OT1' has changed to `T1' for symbol font
(Font)              `pureletters' in the math version `bold' on input line 100.

LaTeX Font Info:    Overwriting symbol font `pureletters' in version `bold'
(Font)                  OT1/mathkerncmss/bx/sl --> T1/phv/m/it on input line 10
0.
LaTeX Font Info:    Overwriting math alphabet `\mathrm' in version `normal'
(Font)                  OT1/cmss/m/n --> T1/cmr/m/n on input line 100.
LaTeX Font Info:    Redeclaring math alphabet \mathbf on input line 100.
LaTeX Font Info:    Redeclaring math alphabet \mathsf on input line 100.
LaTeX Font Info:    Overwriting math alphabet `\mathsf' in version `normal'
(Font)                  OT1/cmss/m/n --> T1/phv/m/n on input line 100.
LaTeX Font Info:    Overwriting math alphabet `\mathsf' in version `bold'
(Font)                  OT1/cmss/bx/n --> T1/phv/m/n on input line 100.
LaTeX Font Info:    Redeclaring math alphabet \mathit on input line 100.
LaTeX Font Info:    Overwriting math alphabet `\mathit' in version `normal'
(Font)                  OT1/cmr/m/it --> T1/phv/m/it on input line 100.
LaTeX Font Info:    Overwriting math alphabet `\mathit' in version `bold'
(Font)                  OT1/cmr/bx/it --> T1/phv/m/it on input line 100.
LaTeX Font Info:    Redeclaring math alphabet \mathtt on input line 100.
LaTeX Font Info:    Overwriting math alphabet `\mathtt' in version `normal'
(Font)                  OT1/cmtt/m/n --> T1/laett/m/n on input line 100.
LaTeX Font Info:    Overwriting math alphabet `\mathtt' in version `bold'
(Font)                  OT1/cmtt/m/n --> T1/laett/m/n on input line 100.
LaTeX Font Info:    Overwriting symbol font `numbers' in version `bold'
(Font)                  T1/phv/m/n --> T1/phv/b/n on input line 100.
LaTeX Font Info:    Overwriting symbol font `pureletters' in version `bold'
(Font)                  T1/phv/m/it --> T1/phv/b/it on input line 100.
LaTeX Font Info:    Overwriting math alphabet `\mathrm' in version `bold'
(Font)                  OT1/cmss/b/n --> T1/cmr/b/n on input line 100.
LaTeX Font Info:    Overwriting math alphabet `\mathbf' in version `bold'
(Font)                  T1/phv/b/n --> T1/phv/b/n on input line 100.
LaTeX Font Info:    Overwriting math alphabet `\mathsf' in version `bold'
(Font)                  T1/phv/m/n --> T1/phv/b/n on input line 100.
LaTeX Font Info:    Overwriting math alphabet `\mathit' in version `bold'
(Font)                  T1/phv/m/it --> T1/phv/b/it on input line 100.
LaTeX Font Info:    Overwriting math alphabet `\mathtt' in version `bold'
(Font)                  T1/laett/m/n --> T1/laett/b/n on input line 100.
LaTeX Font Info:    Redeclaring symbol font `boldpureletters' on input line 100
.
LaTeX Font Info:    Encoding `OT1' has changed to `T1' for symbol font
(Font)              `boldpureletters' in the math version `normal' on input lin
e 100.
LaTeX Font Info:    Overwriting symbol font `boldpureletters' in version `norma
l'
(Font)                  OT1/mathkerncmss/bx/sl --> T1/phv/bx/it on input line 1
00.
LaTeX Font Info:    Encoding `OT1' has changed to `T1' for symbol font
(Font)              `boldpureletters' in the math version `bold' on input line 
100.
LaTeX Font Info:    Overwriting symbol font `boldpureletters' in version `bold'

(Font)                  OT1/mathkerncmss/bx/sl --> T1/phv/bx/it on input line 1
00.

(c:/texlive/2020/texmf-dist/tex/latex/translator/translator-basic-dictionary-En
glish.dict
Dictionary: translator-basic-dictionary, Language: English 
)
(c:/texlive/2020/texmf-dist/tex/latex/translator/translator-bibliography-dictio
nary-English.dict
Dictionary: translator-bibliography-dictionary, Language: English 
)
(c:/texlive/2020/texmf-dist/tex/latex/translator/translator-environment-diction
ary-English.dict
Dictionary: translator-environment-dictionary, Language: English 
)
(c:/texlive/2020/texmf-dist/tex/latex/translator/translator-months-dictionary-E
nglish.dict
Dictionary: translator-months-dictionary, Language: English 
)
(c:/texlive/2020/texmf-dist/tex/latex/translator/translator-numbers-dictionary-
English.dict
Dictionary: translator-numbers-dictionary, Language: English 
)
(c:/texlive/2020/texmf-dist/tex/latex/translator/translator-theorem-dictionary-
English.dict
Dictionary: translator-theorem-dictionary, Language: English 
)
Package caption Info: Begin \AtBeginDocument code.
Package caption Info: End \AtBeginDocument code.
 (./presentation.nav)
LaTeX Font Info:    Font shape `T1/phv/m/n' will be
(Font)              scaled to size 5.51999pt on input line 100.
LaTeX Font Info:    Font shape `T1/phv/b/n' will be
(Font)              scaled to size 5.51999pt on input line 100.
LaTeX Font Info:    Font shape `T1/phv/m/n' will be
(Font)              scaled to size 15.89755pt on input line 104.
LaTeX Font Info:    Font shape `T1/phv/b/n' will be
(Font)              scaled to size 15.89755pt on input line 104.
LaTeX Font Info:    Font shape `T1/phv/b/n' will be
(Font)              scaled to size 10.07397pt on input line 104.
<figures/report_titlepage.png, id=19, 963.6pt x 602.25pt>
File: figures/report_titlepage.png Graphic file (type png)
<use figures/report_titlepage.png>
Package pdftex.def Info: figures/report_titlepage.png  used on input line 104.
(pdftex.def)             Requested size: 455.2446pt x 284.53705pt.
 [1

{c:/texlive/2020/texmf-var/fonts/map/pdftex/updmap/pdftex.map} <./figures/repor
t_titlepage.png (PNG copy)>]
[LECTURE]=[0][\insertlecture ][2][1]
LaTeX Font Info:    Font shape `T1/phv/m/n' will be
(Font)              scaled to size 11.03998pt on input line 136.
LaTeX Font Info:    Font shape `T1/phv/b/n' will be
(Font)              scaled to size 11.03998pt on input line 136.
LaTeX Font Info:    Trying to load font information for U+msa on input line 136
.
(c:/texlive/2020/texmf-dist/tex/latex/amsfonts/umsa.fd
File: umsa.fd 2013/01/14 v3.01 AMS symbols A
)
LaTeX Font Info:    Trying to load font information for U+msb on input line 136
.

(c:/texlive/2020/texmf-dist/tex/latex/amsfonts/umsb.fd
File: umsb.fd 2013/01/14 v3.01 AMS symbols B
)
LaTeX Font Info:    Trying to load font information for U+rsfs on input line 13
6.

(c:/texlive/2020/texmf-dist/tex/latex/jknapltx/ursfs.fd
File: ursfs.fd 1998/03/24 rsfs font definition file (jk)
)
LaTeX Font Info:    Font shape `T1/phv/m/it' in size <12> not available
(Font)              Font shape `T1/phv/m/sl' tried instead on input line 136.
LaTeX Font Info:    Font shape `T1/phv/m/sl' will be
(Font)              scaled to size 11.03998pt on input line 136.
LaTeX Font Info:    Font shape `T1/phv/m/it' in size <8> not available
(Font)              Font shape `T1/phv/m/sl' tried instead on input line 136.
LaTeX Font Info:    Font shape `T1/phv/m/sl' will be
(Font)              scaled to size 7.35999pt on input line 136.
LaTeX Font Info:    Font shape `T1/phv/m/it' in size <6> not available
(Font)              Font shape `T1/phv/m/sl' tried instead on input line 136.
LaTeX Font Info:    Font shape `T1/phv/m/sl' will be
(Font)              scaled to size 5.51999pt on input line 136.
LaTeX Font Info:    Font shape `T1/phv/bx/it' in size <12> not available
(Font)              Font shape `T1/phv/b/it' tried instead on input line 136.
LaTeX Font Info:    Font shape `T1/phv/b/it' in size <12> not available
(Font)              Font shape `T1/phv/b/sl' tried instead on input line 136.
LaTeX Font Info:    Font shape `T1/phv/b/sl' will be
(Font)              scaled to size 11.03998pt on input line 136.
LaTeX Font Info:    Font shape `T1/phv/bx/it' in size <8> not available
(Font)              Font shape `T1/phv/b/it' tried instead on input line 136.
LaTeX Font Info:    Font shape `T1/phv/b/it' in size <8> not available
(Font)              Font shape `T1/phv/b/sl' tried instead on input line 136.
LaTeX Font Info:    Font shape `T1/phv/b/sl' will be
(Font)              scaled to size 7.35999pt on input line 136.
LaTeX Font Info:    Font shape `T1/phv/bx/it' in size <6> not available
(Font)              Font shape `T1/phv/b/it' tried instead on input line 136.
LaTeX Font Info:    Font shape `T1/phv/b/it' in size <6> not available
(Font)              Font shape `T1/phv/b/sl' tried instead on input line 136.
LaTeX Font Info:    Font shape `T1/phv/b/sl' will be
(Font)              scaled to size 5.51999pt on input line 136.
LaTeX Font Info:    Font shape `T1/phv/m/n' will be
(Font)              scaled to size 7.35999pt on input line 136.
LaTeX Font Info:    Font shape `T1/phv/b/n' will be
(Font)              scaled to size 7.35999pt on input line 136.
LaTeX Font Info:    Font shape `T1/phv/b/n' will be
(Font)              scaled to size 13.24796pt on input line 136.
LaTeX Font Info:    Font shape `T1/phv/b/n' will be
(Font)              scaled to size 3.68pt on input line 136.
LaTeX Font Info:    Font shape `T1/phv/m/n' will be
(Font)              scaled to size 3.68pt on input line 136.
 [2

]
LaTeX Font Info:    Font shape `T1/phv/m/it' in size <10.95> not available
(Font)              Font shape `T1/phv/m/sl' tried instead on input line 177.
LaTeX Font Info:    Font shape `T1/phv/m/sl' will be
(Font)              scaled to size 10.07397pt on input line 177.
LaTeX Font Info:    Font shape `T1/phv/bx/it' in size <10.95> not available
(Font)              Font shape `T1/phv/b/it' tried instead on input line 177.
LaTeX Font Info:    Font shape `T1/phv/b/it' in size <10.95> not available
(Font)              Font shape `T1/phv/b/sl' tried instead on input line 177.
LaTeX Font Info:    Font shape `T1/phv/b/sl' will be
(Font)              scaled to size 10.07397pt on input line 177.
<figures/s_curve.pdf, id=33, 343.2825pt x 305.22029pt>
File: figures/s_curve.pdf Graphic file (type pdf)
<use figures/s_curve.pdf>
Package pdftex.def Info: figures/s_curve.pdf  used on input line 177.
(pdftex.def)             Requested size: 67.60477pt x 78.34291pt.

Overfull \hbox (6.79999pt too wide) in paragraph at lines 177--177
[][]  
 []

[3

 <./figures/s_curve.pdf

pdfTeX warning: pdflatex.exe (file ./figures/s_curve.pdf): PDF inclusion: inval
id other resource which is no dict (key 'ProcSets', type <array>); ignored.
>]
File: figures/s_curve.pdf Graphic file (type pdf)
<use figures/s_curve.pdf>
Package pdftex.def Info: figures/s_curve.pdf  used on input line 215.
(pdftex.def)             Requested size: 51.62425pt x 62.37761pt.
<figures/s_curve_undone.pdf, id=46, 756.90776pt x 305.22029pt>
File: figures/s_curve_undone.pdf Graphic file (type pdf)
<use figures/s_curve_undone.pdf>
Package pdftex.def Info: figures/s_curve_undone.pdf  used on input line 215.
(pdftex.def)             Requested size: 172.08318pt x 72.5218pt.
 [4

 <./figures/s_curve_undone.pdf

pdfTeX warning: pdflatex.exe (file ./figures/s_curve_undone.pdf): PDF inclusion
: invalid other resource which is no dict (key 'ProcSets', type <array>); ignor
ed.
>]
LaTeX Font Info:    Font shape `T1/phv/m/n' will be
(Font)              scaled to size 22.88956pt on input line 237.
LaTeX Font Info:    Font shape `T1/phv/b/n' will be
(Font)              scaled to size 22.88956pt on input line 237.
 [5

]
<figures/models_overview.png, id=68, 808.01875pt x 479.7925pt>
File: figures/models_overview.png Graphic file (type png)
<use figures/models_overview.png>
Package pdftex.def Info: figures/models_overview.png  used on input line 266.
(pdftex.def)             Requested size: 266.31517pt x 158.13434pt.
 [6

 <./figures/models_overview.png>]
<figures/kpca_lgml_algo.png, id=78, 903.375pt x 310.15875pt>
File: figures/kpca_lgml_algo.png Graphic file (type png)
<use figures/kpca_lgml_algo.png>
Package pdftex.def Info: figures/kpca_lgml_algo.png  used on input line 291.
(pdftex.def)             Requested size: 409.71951pt x 140.67285pt.

Overfull \hbox (6.79999pt too wide) in paragraph at lines 291--291
[][]  
 []

[7

 <./figures/kpca_lgml_algo.png>]
<figures/s_curve_connected.pdf, id=88, 681.50606pt x 606.34526pt>
File: figures/s_curve_connected.pdf Graphic file (type pdf)
<use figures/s_curve_connected.pdf>
Package pdftex.def Info: figures/s_curve_connected.pdf  used on input line 331.

(pdftex.def)             Requested size: 121.68652pt x 147.9653pt.
 [8

 <./figures/s_curve_connected.pdf

pdfTeX warning: pdflatex.exe (file ./figures/s_curve_connected.pdf): PDF inclus
ion: invalid other resource which is no dict (key 'ProcSets', type <array>); ig
nored.
>]
<figures/eigenanalysis.png, id=100, 742.775pt x 218.8175pt>
File: figures/eigenanalysis.png Graphic file (type png)
<use figures/eigenanalysis.png>
Package pdftex.def Info: figures/eigenanalysis.png  used on input line 368.
(pdftex.def)             Requested size: 245.8342pt x 72.42033pt.
 [9

]
Overfull \hbox (6.79999pt too wide) in paragraph at lines 449--449
[][]  
 []

[10

]
<figures/reconstruction_3d.pdf, id=115, 229.81859pt x 229.81859pt>
File: figures/reconstruction_3d.pdf Graphic file (type pdf)
<use figures/reconstruction_3d.pdf>
Package pdftex.def Info: figures/reconstruction_3d.pdf  used on input line 486.

(pdftex.def)             Requested size: 137.66391pt x 103.0277pt.
<figures/reconstruction_2d.pdf, id=117, 229.81859pt x 229.81859pt>
File: figures/reconstruction_2d.pdf Graphic file (type pdf)
<use figures/reconstruction_2d.pdf>
Package pdftex.def Info: figures/reconstruction_2d.pdf  used on input line 486.

(pdftex.def)             Requested size: 98.3318pt x 93.12906pt.
 [11

 <./figures/reconstruction_3d.pdf

pdfTeX warning: pdflatex.exe (file ./figures/reconstruction_3d.pdf): PDF inclus
ion: invalid other resource which is no dict (key 'ProcSets', type <array>); ig
nored.
> <./figures/reconstruction_2d.pdf

pdfTeX warning: pdflatex.exe (file ./figures/reconstruction_2d.pdf): PDF inclus
ion: invalid other resource which is no dict (key 'ProcSets', type <array>); ig
nored.
>]

LaTeX Font Warning: Command \small invalid in math mode on input line 536.

LaTeX Font Info:    Font shape `T1/phv/m/n' will be
(Font)              scaled to size 9.19998pt on input line 536.
LaTeX Font Info:    Font shape `T1/phv/m/it' in size <10> not available
(Font)              Font shape `T1/phv/m/sl' tried instead on input line 536.
LaTeX Font Info:    Font shape `T1/phv/m/sl' will be
(Font)              scaled to size 9.19998pt on input line 536.
LaTeX Font Info:    Font shape `T1/phv/m/it' in size <7> not available
(Font)              Font shape `T1/phv/m/sl' tried instead on input line 536.
LaTeX Font Info:    Font shape `T1/phv/m/sl' will be
(Font)              scaled to size 6.43999pt on input line 536.
LaTeX Font Info:    Font shape `T1/phv/m/it' in size <5> not available
(Font)              Font shape `T1/phv/m/sl' tried instead on input line 536.
LaTeX Font Info:    Font shape `T1/phv/m/sl' will be
(Font)              scaled to size 4.59999pt on input line 536.
LaTeX Font Info:    Font shape `T1/phv/bx/it' in size <10> not available
(Font)              Font shape `T1/phv/b/it' tried instead on input line 536.
LaTeX Font Info:    Font shape `T1/phv/b/it' in size <10> not available
(Font)              Font shape `T1/phv/b/sl' tried instead on input line 536.
LaTeX Font Info:    Font shape `T1/phv/b/sl' will be
(Font)              scaled to size 9.19998pt on input line 536.
LaTeX Font Info:    Font shape `T1/phv/bx/it' in size <7> not available
(Font)              Font shape `T1/phv/b/it' tried instead on input line 536.
LaTeX Font Info:    Font shape `T1/phv/b/it' in size <7> not available
(Font)              Font shape `T1/phv/b/sl' tried instead on input line 536.
LaTeX Font Info:    Font shape `T1/phv/b/sl' will be
(Font)              scaled to size 6.43999pt on input line 536.
LaTeX Font Info:    Font shape `T1/phv/bx/it' in size <5> not available
(Font)              Font shape `T1/phv/b/it' tried instead on input line 536.
LaTeX Font Info:    Font shape `T1/phv/b/it' in size <5> not available
(Font)              Font shape `T1/phv/b/sl' tried instead on input line 536.
LaTeX Font Info:    Font shape `T1/phv/b/sl' will be
(Font)              scaled to size 4.59999pt on input line 536.
LaTeX Font Info:    Font shape `T1/phv/m/n' will be
(Font)              scaled to size 6.43999pt on input line 536.
LaTeX Font Info:    Font shape `T1/phv/m/n' will be
(Font)              scaled to size 4.59999pt on input line 536.

LaTeX Font Warning: Font shape `OT1/cmss/b/n' undefined
(Font)              using `OT1/cmss/m/n' instead on input line 536.

LaTeX Font Info:    Font shape `T1/phv/b/it' in size <10> not available
(Font)              Font shape `T1/phv/b/sl' tried instead on input line 536.
LaTeX Font Info:    Font shape `T1/phv/b/sl' will be
(Font)              scaled to size 9.19998pt on input line 536.
LaTeX Font Info:    Font shape `T1/phv/b/it' in size <7> not available
(Font)              Font shape `T1/phv/b/sl' tried instead on input line 536.
LaTeX Font Info:    Font shape `T1/phv/b/sl' will be
(Font)              scaled to size 6.43999pt on input line 536.
LaTeX Font Info:    Font shape `T1/phv/b/it' in size <5> not available
(Font)              Font shape `T1/phv/b/sl' tried instead on input line 536.
LaTeX Font Info:    Font shape `T1/phv/b/sl' will be
(Font)              scaled to size 4.59999pt on input line 536.
LaTeX Font Info:    Font shape `T1/phv/b/n' will be
(Font)              scaled to size 9.19998pt on input line 536.
LaTeX Font Info:    Font shape `T1/phv/b/n' will be
(Font)              scaled to size 6.43999pt on input line 536.
LaTeX Font Info:    Font shape `T1/phv/b/n' will be
(Font)              scaled to size 4.59999pt on input line 536.
LaTeX Font Info:    Font shape `T1/phv/b/it' in size <10.95> not available
(Font)              Font shape `T1/phv/b/sl' tried instead on input line 536.
LaTeX Font Info:    Font shape `T1/phv/b/sl' will be
(Font)              scaled to size 10.07397pt on input line 536.
LaTeX Font Info:    Font shape `T1/phv/b/it' in size <8> not available
(Font)              Font shape `T1/phv/b/sl' tried instead on input line 536.
LaTeX Font Info:    Font shape `T1/phv/b/sl' will be
(Font)              scaled to size 7.35999pt on input line 536.
LaTeX Font Info:    Font shape `T1/phv/b/it' in size <6> not available
(Font)              Font shape `T1/phv/b/sl' tried instead on input line 536.
LaTeX Font Info:    Font shape `T1/phv/b/sl' will be
(Font)              scaled to size 5.51999pt on input line 536.

LaTeX Font Warning: Command \small invalid in math mode on input line 536.


LaTeX Font Warning: Command \small invalid in math mode on input line 536.


Overfull \hbox (6.79999pt too wide) in paragraph at lines 536--536
[][]  
 []

[12

]
Overfull \hbox (6.79999pt too wide) in paragraph at lines 591--591
[][]  
 []

[13

]
<figures/s_curve_pp_random.pdf, id=159, 343.2825pt x 305.22029pt>
File: figures/s_curve_pp_random.pdf Graphic file (type pdf)
<use figures/s_curve_pp_random.pdf>
Package pdftex.def Info: figures/s_curve_pp_random.pdf  used on input line 640.

(pdftex.def)             Requested size: 40.97131pt x 49.50656pt.
<figures/s_curve_undone_pp_random.pdf, id=161, 756.90776pt x 305.22029pt>
File: figures/s_curve_undone_pp_random.pdf Graphic file (type pdf)
<use figures/s_curve_undone_pp_random.pdf>
Package pdftex.def Info: figures/s_curve_undone_pp_random.pdf  used on input li
ne 640.
(pdftex.def)             Requested size: 143.4012pt x 60.43483pt.
 [14

 <./figures/s_curve_pp_random.pdf

pdfTeX warning: pdflatex.exe (file ./figures/s_curve_pp_random.pdf): PDF inclus
ion: invalid other resource which is no dict (key 'ProcSets', type <array>); ig
nored.
> <./figures/s_curve_undone_pp_random.pdf

pdfTeX warning: pdflatex.exe (file ./figures/s_curve_undone_pp_random.pdf): PDF
 inclusion: invalid other resource which is no dict (key 'ProcSets', type <arra
y>); ignored.
>]
Underfull \hbox (badness 10000) in paragraph at lines 716--716

 []

<figures/matrix_partition.png, id=177, 643.40375pt x 455.7025pt>
File: figures/matrix_partition.png Graphic file (type png)
<use figures/matrix_partition.png>
Package pdftex.def Info: figures/matrix_partition.png  used on input line 716.
(pdftex.def)             Requested size: 129.06302pt x 91.41006pt.
[15

 <./figures/matrix_partition.png>] [16

]
<figures/s_curve_pp_poor.pdf, id=194, 343.2825pt x 305.22029pt>
File: figures/s_curve_pp_poor.pdf Graphic file (type pdf)
<use figures/s_curve_pp_poor.pdf>
Package pdftex.def Info: figures/s_curve_pp_poor.pdf  used on input line 831.
(pdftex.def)             Requested size: 94.64531pt x 133.10457pt.
File: figures/s_curve_pp_random.pdf Graphic file (type pdf)
<use figures/s_curve_pp_random.pdf>
Package pdftex.def Info: figures/s_curve_pp_random.pdf  used on input line 831.

(pdftex.def)             Requested size: 94.64531pt x 133.10457pt.
<figures/s_curve_pp_maxmin.pdf, id=197, 343.2825pt x 305.22029pt>
File: figures/s_curve_pp_maxmin.pdf Graphic file (type pdf)
<use figures/s_curve_pp_maxmin.pdf>
Package pdftex.def Info: figures/s_curve_pp_maxmin.pdf  used on input line 831.

(pdftex.def)             Requested size: 94.64531pt x 133.10457pt.
 [17

 <./figures/s_curve_pp_poor.pdf

pdfTeX warning: pdflatex.exe (file ./figures/s_curve_pp_poor.pdf): PDF inclusio
n: invalid other resource which is no dict (key 'ProcSets', type <array>); igno
red.
> <./figures/s_curve_pp_maxmin.pdf

pdfTeX warning: pdflatex.exe (file ./figures/s_curve_pp_maxmin.pdf): PDF inclus
ion: invalid other resource which is no dict (key 'ProcSets', type <array>); ig
nored.
>] [18

] [19

]
<figures/swiss_roll.pdf, id=226, 343.2825pt x 305.22029pt>
File: figures/swiss_roll.pdf Graphic file (type pdf)
<use figures/swiss_roll.pdf>
Package pdftex.def Info: figures/swiss_roll.pdf  used on input line 972.
(pdftex.def)             Requested size: 64.53151pt x 78.41673pt.
<figures/incomplete_tire.pdf, id=229, 455.78279pt x 305.22029pt>
File: figures/incomplete_tire.pdf Graphic file (type pdf)
<use figures/incomplete_tire.pdf>
Package pdftex.def Info: figures/incomplete_tire.pdf  used on input line 972.
(pdftex.def)             Requested size: 100.38258pt x 70.31561pt.
 [20

 <./figures/swiss_roll.pdf

pdfTeX warning: pdflatex.exe (file ./figures/swiss_roll.pdf): PDF inclusion: in
valid other resource which is no dict (key 'ProcSets', type <array>); ignored.
> <./figures/incomplete_tire.pdf

pdfTeX warning: pdflatex.exe (file ./figures/incomplete_tire.pdf): PDF inclusio
n: invalid other resource which is no dict (key 'ProcSets', type <array>); igno
red.
>]
Overfull \hbox (6.79999pt too wide) in paragraph at lines 1025--1025
[][]  
 []


Overfull \hbox (6.79999pt too wide) in paragraph at lines 1025--1025
[][]  
 []

[21

] [22

]
<figures/rnx_curve.pdf, id=261, 578.16pt x 289.08pt>
File: figures/rnx_curve.pdf Graphic file (type pdf)
<use figures/rnx_curve.pdf>
Package pdftex.def Info: figures/rnx_curve.pdf  used on input line 1108.
(pdftex.def)             Requested size: 163.8853pt x 81.93872pt.
 [23

 <./figures/rnx_curve.pdf>]
<figures/sensitivity_landmarks_key_swiss_roll.pdf, id=275, 756.90776pt x 169.59
36pt>
File: figures/sensitivity_landmarks_key_swiss_roll.pdf Graphic file (type pdf)
<use figures/sensitivity_landmarks_key_swiss_roll.pdf>
Package pdftex.def Info: figures/sensitivity_landmarks_key_swiss_roll.pdf  used
 on input line 1147.
(pdftex.def)             Requested size: 327.77686pt x 68.37553pt.
<figures/sensitivity_landmarks_key_incomplete_tire.pdf, id=277, 756.90776pt x 1
69.5936pt>
File: figures/sensitivity_landmarks_key_incomplete_tire.pdf Graphic file (type 
pdf)
<use figures/sensitivity_landmarks_key_incomplete_tire.pdf>
Package pdftex.def Info: figures/sensitivity_landmarks_key_incomplete_tire.pdf 
 used on input line 1147.
(pdftex.def)             Requested size: 327.77686pt x 68.37553pt.
 [24

 <./figures/sensitivity_landmarks_key_swiss_roll.pdf

pdfTeX warning: pdflatex.exe (file ./figures/sensitivity_landmarks_key_swiss_ro
ll.pdf): PDF inclusion: invalid other resource which is no dict (key 'ProcSets'
, type <array>); ignored.
> <./figures/sensitivity_landmarks_key_incomplete_tire.pdf

pdfTeX warning: pdflatex.exe (file ./figures/sensitivity_landmarks_key_incomple
te_tire.pdf): PDF inclusion: invalid other resource which is no dict (key 'Proc
Sets', type <array>); ignored.
>]
<figures/sensitivity_landmarks_auc.pdf, id=291, 1156.32pt x 433.62pt>
File: figures/sensitivity_landmarks_auc.pdf Graphic file (type pdf)
<use figures/sensitivity_landmarks_auc.pdf>
Package pdftex.def Info: figures/sensitivity_landmarks_auc.pdf  used on input l
ine 1173.
(pdftex.def)             Requested size: 409.71951pt x 153.64174pt.
 [25

 <./figures/sensitivity_landmarks_auc.pdf>]
<figures/sensitivity_landmarks_qual_swiss_roll.pdf, id=310, 756.90776pt x 343.2
825pt>
File: figures/sensitivity_landmarks_qual_swiss_roll.pdf Graphic file (type pdf)

<use figures/sensitivity_landmarks_qual_swiss_roll.pdf>
Package pdftex.def Info: figures/sensitivity_landmarks_qual_swiss_roll.pdf  use
d on input line 1191.
(pdftex.def)             Requested size: 409.71951pt x 190.4906pt.
 [26

 <./figures/sensitivity_landmarks_qual_swiss_roll.pdf

pdfTeX warning: pdflatex.exe (file ./figures/sensitivity_landmarks_qual_swiss_r
oll.pdf): PDF inclusion: invalid other resource which is no dict (key 'ProcSets
', type <array>); ignored.
>]
<figures/sensitivity_landmarks_qual_incomplete_tire.pdf, id=325, 756.90776pt x 
343.2825pt>
File: figures/sensitivity_landmarks_qual_incomplete_tire.pdf Graphic file (type
 pdf)
<use figures/sensitivity_landmarks_qual_incomplete_tire.pdf>
Package pdftex.def Info: figures/sensitivity_landmarks_qual_incomplete_tire.pdf
  used on input line 1209.
(pdftex.def)             Requested size: 409.71951pt x 190.4906pt.
 [27

 <./figures/sensitivity_landmarks_qual_incomplete_tire.pdf

pdfTeX warning: pdflatex.exe (file ./figures/sensitivity_landmarks_qual_incompl
ete_tire.pdf): PDF inclusion: invalid other resource which is no dict (key 'Pro
cSets', type <array>); ignored.
>]
<figures/sensitivity_noise_key_swiss_roll.pdf, id=340, 756.90776pt x 154.6578pt
>
File: figures/sensitivity_noise_key_swiss_roll.pdf Graphic file (type pdf)
<use figures/sensitivity_noise_key_swiss_roll.pdf>
Package pdftex.def Info: figures/sensitivity_noise_key_swiss_roll.pdf  used on 
input line 1252.
(pdftex.def)             Requested size: 327.77686pt x 56.95512pt.
<figures/sensitivity_noise_key_incomplete_tire.pdf, id=342, 756.90776pt x 154.6
578pt>
File: figures/sensitivity_noise_key_incomplete_tire.pdf Graphic file (type pdf)

<use figures/sensitivity_noise_key_incomplete_tire.pdf>
Package pdftex.def Info: figures/sensitivity_noise_key_incomplete_tire.pdf  use
d on input line 1252.
(pdftex.def)             Requested size: 327.77686pt x 56.95512pt.
 [28

 <./figures/sensitivity_noise_key_swiss_roll.pdf

pdfTeX warning: pdflatex.exe (file ./figures/sensitivity_noise_key_swiss_roll.p
df): PDF inclusion: invalid other resource which is no dict (key 'ProcSets', ty
pe <array>); ignored.
> <./figures/sensitivity_noise_key_incomplete_tire.pdf

pdfTeX warning: pdflatex.exe (file ./figures/sensitivity_noise_key_incomplete_t
ire.pdf): PDF inclusion: invalid other resource which is no dict (key 'ProcSets
', type <array>); ignored.
>]
<figures/sensitivity_noise_auc.pdf, id=368, 1156.32pt x 433.62pt>
File: figures/sensitivity_noise_auc.pdf Graphic file (type pdf)
<use figures/sensitivity_noise_auc.pdf>
Package pdftex.def Info: figures/sensitivity_noise_auc.pdf  used on input line 
1279.
(pdftex.def)             Requested size: 409.71951pt x 153.64174pt.
 [29

 <./figures/sensitivity_noise_auc.pdf>]
<figures/sensitivity_noise_qual_swiss_roll.pdf, id=386, 756.90776pt x 395.55779
pt>
File: figures/sensitivity_noise_qual_swiss_roll.pdf Graphic file (type pdf)
<use figures/sensitivity_noise_qual_swiss_roll.pdf>
Package pdftex.def Info: figures/sensitivity_noise_qual_swiss_roll.pdf  used on
 input line 1297.
(pdftex.def)             Requested size: 409.71951pt x 191.68396pt.
 [30

 <./figures/sensitivity_noise_qual_swiss_roll.pdf

pdfTeX warning: pdflatex.exe (file ./figures/sensitivity_noise_qual_swiss_roll.
pdf): PDF inclusion: invalid other resource which is no dict (key 'ProcSets', t
ype <array>); ignored.
>]
<figures/sensitivity_noise_qual_incomplete_tire.pdf, id=401, 756.90776pt x 395.
55779pt>
File: figures/sensitivity_noise_qual_incomplete_tire.pdf Graphic file (type pdf
)
<use figures/sensitivity_noise_qual_incomplete_tire.pdf>
Package pdftex.def Info: figures/sensitivity_noise_qual_incomplete_tire.pdf  us
ed on input line 1315.
(pdftex.def)             Requested size: 409.71951pt x 191.68396pt.
 [31

 <./figures/sensitivity_noise_qual_incomplete_tire.pdf

pdfTeX warning: pdflatex.exe (file ./figures/sensitivity_noise_qual_incomplete_
tire.pdf): PDF inclusion: invalid other resource which is no dict (key 'ProcSet
s', type <array>); ignored.
>]
<figures/comparison_swiss_roll.pdf, id=417, 756.90776pt x 154.6578pt>
File: figures/comparison_swiss_roll.pdf Graphic file (type pdf)
<use figures/comparison_swiss_roll.pdf>
Package pdftex.def Info: figures/comparison_swiss_roll.pdf  used on input line 
1372.
(pdftex.def)             Requested size: 327.77686pt x 66.97588pt.
<figures/comparison_incomplete_tire.pdf, id=419, 756.90776pt x 154.6578pt>
File: figures/comparison_incomplete_tire.pdf Graphic file (type pdf)
<use figures/comparison_incomplete_tire.pdf>
Package pdftex.def Info: figures/comparison_incomplete_tire.pdf  used on input 
line 1372.
(pdftex.def)             Requested size: 327.77686pt x 66.97588pt.
LaTeX Font Info:    Trying to load font information for T1+laett on input line 
1372.
 (c:/texlive/2020/texmf-dist/tex/latex/ae/t1laett.fd
File: t1laett.fd 2001/02/12 Font definitions for T1/laett.
) [32

 <./figures/comparison_swiss_roll.pdf

pdfTeX warning: pdflatex.exe (file ./figures/comparison_swiss_roll.pdf): PDF in
clusion: invalid other resource which is no dict (key 'ProcSets', type <array>)
; ignored.
> <./figures/comparison_incomplete_tire.pdf

pdfTeX warning: pdflatex.exe (file ./figures/comparison_incomplete_tire.pdf): P
DF inclusion: invalid other resource which is no dict (key 'ProcSets', type <ar
ray>); ignored.
>] [33

]
<figures/discussion.png, id=441, 1128.215pt x 436.63126pt>
File: figures/discussion.png Graphic file (type png)
<use figures/discussion.png>
Package pdftex.def Info: figures/discussion.png  used on input line 1414.
(pdftex.def)             Requested size: 409.71951pt x 158.56625pt.

Overfull \hbox (6.79999pt too wide) in paragraph at lines 1414--1414
[][]  
 []

[34

 <./figures/discussion.png>] [35

]
<figures/world_3d.pdf, id=455, 606.34526pt x 606.34526pt>
File: figures/world_3d.pdf Graphic file (type pdf)
<use figures/world_3d.pdf>
Package pdftex.def Info: figures/world_3d.pdf  used on input line 1458.
(pdftex.def)             Requested size: 163.8853pt x 163.88194pt.
<figures/world_2d.pdf, id=457, 606.34526pt x 268.12169pt>
File: figures/world_2d.pdf Graphic file (type pdf)
<use figures/world_2d.pdf>
Package pdftex.def Info: figures/world_2d.pdf  used on input line 1458.
(pdftex.def)             Requested size: 245.8342pt x 88.35591pt.
 [36

 <./figures/world_3d.pdf

pdfTeX warning: pdflatex.exe (file ./figures/world_3d.pdf): PDF inclusion: inva
lid other resource which is no dict (key 'ProcSets', type <array>); ignored.
> <./figures/world_2d.pdf

pdfTeX warning: pdflatex.exe (file ./figures/world_2d.pdf): PDF inclusion: inva
lid other resource which is no dict (key 'ProcSets', type <array>); ignored.
>]
<figures/comparison_world.pdf, id=472, 756.90776pt x 154.6578pt>
File: figures/comparison_world.pdf Graphic file (type pdf)
<use figures/comparison_world.pdf>
Package pdftex.def Info: figures/comparison_world.pdf  used on input line 1486.

(pdftex.def)             Requested size: 409.71951pt x 83.71927pt.
 [37

 <./figures/comparison_world.pdf

pdfTeX warning: pdflatex.exe (file ./figures/comparison_world.pdf): PDF inclusi
on: invalid other resource which is no dict (key 'ProcSets', type <array>); ign
ored.
>] [38

] (./presentation.bbl) [39

]
\tf@nav=\write7
\openout7 = `presentation.nav'.

\tf@toc=\write8
\openout8 = `presentation.toc'.

\tf@snm=\write9
\openout9 = `presentation.snm'.

 (./presentation.aux)
Package rerunfilecheck Info: File `presentation.out' has not changed.
(rerunfilecheck)             Checksum: 06E27B416B3B1946CD705C501CA5B3BD;45.


LaTeX Font Warning: Some font shapes were not available, defaults substituted.

 ) 
Here is how much of TeX's memory you used:
 24191 strings out of 479485
 444015 string characters out of 5875915
 802114 words of memory out of 5000000
 40433 multiletter control sequences out of 15000+600000
 637377 words of font info for 153 fonts, out of 8000000 for 9000
 1141 hyphenation exceptions out of 8191
 125i,16n,126p,459b,608s stack positions out of 5000i,500n,10000p,200000b,80000s
{c:/texlive/2020/texmf-dist/fonts/enc/dvips/base/8r.enc}<c:/texlive/2020/texm
f-dist/fonts/type1/public/amsfonts/cmextra/cmbsy8.pfb><c:/texlive/2020/texmf-di
st/fonts/type1/public/amsfonts/cm/cmex10.pfb><c:/texlive/2020/texmf-dist/fonts/
type1/public/amsfonts/cm/cmmi10.pfb><c:/texlive/2020/texmf-dist/fonts/type1/pub
lic/amsfonts/cm/cmmi8.pfb><c:/texlive/2020/texmf-dist/fonts/type1/public/amsfon
ts/cm/cmmib10.pfb><c:/texlive/2020/texmf-dist/fonts/type1/public/amsfonts/cm/cm
ss10.pfb><c:/texlive/2020/texmf-dist/fonts/type1/public/amsfonts/cm/cmss8.pfb><
c:/texlive/2020/texmf-dist/fonts/type1/public/amsfonts/cm/cmsy10.pfb><c:/texliv
e/2020/texmf-dist/fonts/type1/public/amsfonts/cm/cmsy7.pfb><c:/texlive/2020/tex
mf-dist/fonts/type1/public/amsfonts/cm/cmsy8.pfb><c:/texlive/2020/texmf-dist/fo
nts/type1/public/amsfonts/cm/cmtt8.pfb><c:/texlive/2020/texmf-dist/fonts/type1/
public/amsfonts/symbols/msbm10.pfb><c:/texlive/2020/texmf-dist/fonts/type1/publ
ic/rsfs/rsfs10.pfb><c:/texlive/2020/texmf-dist/fonts/type1/urw/helvetic/uhvb8a.
pfb><c:/texlive/2020/texmf-dist/fonts/type1/urw/helvetic/uhvbo8a.pfb><c:/texliv
e/2020/texmf-dist/fonts/type1/urw/helvetic/uhvr8a.pfb><c:/texlive/2020/texmf-di
st/fonts/type1/urw/helvetic/uhvro8a.pfb>
Output written on presentation.pdf (39 pages, 5301368 bytes).
PDF statistics:
 585 PDF objects out of 1000 (max. 8388607)
 393 compressed objects within 4 object streams
 93 named destinations out of 1000 (max. 500000)
 426 words of extra memory for PDF output out of 10000 (max. 10000000)

